2023-11-02 12:22:34.117 | INFO     | __main__:<module>:116 - Namespace(TIME='2023-11-02 12_21_54', batch_size=1024, behaviors=['view', 'cart', 'buy'], check_point='a_tmall_base.pth', data_name='taobao', data_path='../data/taobao', decay=0.0, device='cuda:1', embedding_size=64, epochs=200, gpu_no=1, if_load_model=False, layers=2, log_reg=0.5, loss_type='bpr', lr=0.0001, message_dropout=0.25, metrics=['hit', 'ndcg'], min_epoch=5, model_name='model', model_path='./check_point', neg_count=4, node_dropout=0.75, omega=1, reg_weight=0.0001, test_batch_size=1024, test_writer=<torch.utils.tensorboard.writer.SummaryWriter object at 0x7fbbe7a8d160>, topk=[10, 20, 50, 80], train_writer=<torch.utils.tensorboard.writer.SummaryWriter object at 0x7fbc4fc54ef0>)
2023-11-02 12:22:34.117 | INFO     | __main__:<module>:117 - BIPN(
  (message_dropout): Dropout(p=0.25, inplace=False)
  (user_embedding): Embedding(48750, 64, padding_idx=0)
  (item_embedding): Embedding(39494, 64, padding_idx=0)
  (global_Graph): LightGCN()
  (behavior_Graph): LightGCN()
  (RZ): Linear(in_features=131, out_features=128, bias=False)
  (U): Linear(in_features=131, out_features=64, bias=False)
  (bpr_loss): BPRLoss()
  (emb_loss): EmbLoss()
  (cross_loss): BCELoss()
)
2023-11-02 12:37:48.665 | INFO     | trainer:_train_one_epoch:119 - epoch 1 914.55s Train loss is [0.2157] 
2023-11-02 12:38:12.237 | INFO     | trainer:_train_one_epoch:129 - validate 1 cost time 23.57s, result: {'hit@10': 0.0854, 'ndcg@10': 0.0497, 'hit@20': 0.1178, 'ndcg@20': 0.0579, 'hit@50': 0.1731, 'ndcg@50': 0.0688, 'hit@80': 0.2073, 'ndcg@80': 0.0745} 
2023-11-02 12:38:34.219 | INFO     | trainer:_train_one_epoch:138 - test 1 cost time 21.98s, result: {'hit@10': 0.0635, 'ndcg@10': 0.036, 'hit@20': 0.0876, 'ndcg@20': 0.0421, 'hit@50': 0.1334, 'ndcg@50': 0.0511, 'hit@80': 0.1618, 'ndcg@80': 0.0559} 
2023-11-02 12:53:42.074 | INFO     | trainer:_train_one_epoch:119 - epoch 2 902.62s Train loss is [0.1645] 
2023-11-02 12:54:07.815 | INFO     | trainer:_train_one_epoch:129 - validate 2 cost time 25.74s, result: {'hit@10': 0.0906, 'ndcg@10': 0.0528, 'hit@20': 0.1255, 'ndcg@20': 0.0616, 'hit@50': 0.1844, 'ndcg@50': 0.0733, 'hit@80': 0.2212, 'ndcg@80': 0.0794} 
2023-11-02 12:54:31.793 | INFO     | trainer:_train_one_epoch:138 - test 2 cost time 23.98s, result: {'hit@10': 0.0698, 'ndcg@10': 0.0393, 'hit@20': 0.097, 'ndcg@20': 0.0461, 'hit@50': 0.144, 'ndcg@50': 0.0554, 'hit@80': 0.1749, 'ndcg@80': 0.0606} 
2023-11-02 13:09:34.087 | INFO     | trainer:_train_one_epoch:119 - epoch 3 897.49s Train loss is [0.1415] 
2023-11-02 13:09:57.801 | INFO     | trainer:_train_one_epoch:129 - validate 3 cost time 23.71s, result: {'hit@10': 0.097, 'ndcg@10': 0.0559, 'hit@20': 0.1338, 'ndcg@20': 0.0652, 'hit@50': 0.1968, 'ndcg@50': 0.0777, 'hit@80': 0.2347, 'ndcg@80': 0.084} 
2023-11-02 13:10:19.736 | INFO     | trainer:_train_one_epoch:138 - test 3 cost time 21.93s, result: {'hit@10': 0.0749, 'ndcg@10': 0.0421, 'hit@20': 0.1039, 'ndcg@20': 0.0494, 'hit@50': 0.1546, 'ndcg@50': 0.0594, 'hit@80': 0.1858, 'ndcg@80': 0.0646} 
2023-11-02 13:25:29.761 | INFO     | trainer:_train_one_epoch:119 - epoch 4 904.69s Train loss is [0.1277] 
2023-11-02 13:25:53.084 | INFO     | trainer:_train_one_epoch:129 - validate 4 cost time 23.32s, result: {'hit@10': 0.1023, 'ndcg@10': 0.0592, 'hit@20': 0.1421, 'ndcg@20': 0.0692, 'hit@50': 0.2056, 'ndcg@50': 0.0817, 'hit@80': 0.2448, 'ndcg@80': 0.0883} 
2023-11-02 13:26:14.725 | INFO     | trainer:_train_one_epoch:138 - test 4 cost time 21.64s, result: {'hit@10': 0.0782, 'ndcg@10': 0.0439, 'hit@20': 0.1106, 'ndcg@20': 0.0521, 'hit@50': 0.1634, 'ndcg@50': 0.0626, 'hit@80': 0.1971, 'ndcg@80': 0.0682} 
2023-11-02 13:41:24.621 | INFO     | trainer:_train_one_epoch:119 - epoch 5 905.25s Train loss is [0.1183] 
2023-11-02 13:41:48.392 | INFO     | trainer:_train_one_epoch:129 - validate 5 cost time 23.77s, result: {'hit@10': 0.1049, 'ndcg@10': 0.0603, 'hit@20': 0.1447, 'ndcg@20': 0.0703, 'hit@50': 0.2117, 'ndcg@50': 0.0836, 'hit@80': 0.2528, 'ndcg@80': 0.0904} 
2023-11-02 13:42:10.485 | INFO     | trainer:_train_one_epoch:138 - test 5 cost time 22.09s, result: {'hit@10': 0.0817, 'ndcg@10': 0.0466, 'hit@20': 0.1141, 'ndcg@20': 0.0548, 'hit@50': 0.1697, 'ndcg@50': 0.0658, 'hit@80': 0.2063, 'ndcg@80': 0.0718} 
2023-11-02 13:57:18.471 | INFO     | trainer:_train_one_epoch:119 - epoch 6 903.28s Train loss is [0.1113] 
2023-11-02 13:57:41.940 | INFO     | trainer:_train_one_epoch:129 - validate 6 cost time 23.47s, result: {'hit@10': 0.1089, 'ndcg@10': 0.0626, 'hit@20': 0.149, 'ndcg@20': 0.0726, 'hit@50': 0.2167, 'ndcg@50': 0.086, 'hit@80': 0.2579, 'ndcg@80': 0.0928} 
2023-11-02 13:58:03.813 | INFO     | trainer:_train_one_epoch:138 - test 6 cost time 21.87s, result: {'hit@10': 0.085, 'ndcg@10': 0.0481, 'hit@20': 0.1183, 'ndcg@20': 0.0565, 'hit@50': 0.1761, 'ndcg@50': 0.0679, 'hit@80': 0.2115, 'ndcg@80': 0.0738} 
2023-11-02 14:13:04.943 | INFO     | trainer:_train_one_epoch:119 - epoch 7 895.87s Train loss is [0.1061] 
2023-11-02 14:13:28.728 | INFO     | trainer:_train_one_epoch:129 - validate 7 cost time 23.78s, result: {'hit@10': 0.1116, 'ndcg@10': 0.0647, 'hit@20': 0.1534, 'ndcg@20': 0.0752, 'hit@50': 0.2232, 'ndcg@50': 0.089, 'hit@80': 0.2652, 'ndcg@80': 0.096} 
2023-11-02 14:13:50.567 | INFO     | trainer:_train_one_epoch:138 - test 7 cost time 21.84s, result: {'hit@10': 0.087, 'ndcg@10': 0.0493, 'hit@20': 0.1208, 'ndcg@20': 0.0579, 'hit@50': 0.1807, 'ndcg@50': 0.0697, 'hit@80': 0.217, 'ndcg@80': 0.0757} 
2023-11-02 14:28:49.355 | INFO     | trainer:_train_one_epoch:119 - epoch 8 894.28s Train loss is [0.1017] 
2023-11-02 14:29:13.327 | INFO     | trainer:_train_one_epoch:129 - validate 8 cost time 23.97s, result: {'hit@10': 0.1136, 'ndcg@10': 0.0654, 'hit@20': 0.157, 'ndcg@20': 0.0763, 'hit@50': 0.2276, 'ndcg@50': 0.0902, 'hit@80': 0.2695, 'ndcg@80': 0.0972} 
2023-11-02 14:29:35.157 | INFO     | trainer:_train_one_epoch:138 - test 8 cost time 21.83s, result: {'hit@10': 0.0897, 'ndcg@10': 0.0508, 'hit@20': 0.1244, 'ndcg@20': 0.0595, 'hit@50': 0.1848, 'ndcg@50': 0.0715, 'hit@80': 0.2231, 'ndcg@80': 0.0778} 
2023-11-02 14:44:46.743 | INFO     | trainer:_train_one_epoch:119 - epoch 9 906.29s Train loss is [0.0978] 
2023-11-02 14:45:10.303 | INFO     | trainer:_train_one_epoch:129 - validate 9 cost time 23.56s, result: {'hit@10': 0.1156, 'ndcg@10': 0.0662, 'hit@20': 0.1598, 'ndcg@20': 0.0773, 'hit@50': 0.2311, 'ndcg@50': 0.0914, 'hit@80': 0.2748, 'ndcg@80': 0.0987} 
2023-11-02 14:45:32.232 | INFO     | trainer:_train_one_epoch:138 - test 9 cost time 21.93s, result: {'hit@10': 0.091, 'ndcg@10': 0.0518, 'hit@20': 0.1268, 'ndcg@20': 0.0608, 'hit@50': 0.1876, 'ndcg@50': 0.0729, 'hit@80': 0.2269, 'ndcg@80': 0.0794} 
2023-11-02 15:00:27.370 | INFO     | trainer:_train_one_epoch:119 - epoch 10 890.47s Train loss is [0.0946] 
2023-11-02 15:00:50.965 | INFO     | trainer:_train_one_epoch:129 - validate 10 cost time 23.59s, result: {'hit@10': 0.1169, 'ndcg@10': 0.0676, 'hit@20': 0.1602, 'ndcg@20': 0.0785, 'hit@50': 0.2347, 'ndcg@50': 0.0932, 'hit@80': 0.2787, 'ndcg@80': 0.1005} 
2023-11-02 15:01:12.898 | INFO     | trainer:_train_one_epoch:138 - test 10 cost time 21.93s, result: {'hit@10': 0.0907, 'ndcg@10': 0.0515, 'hit@20': 0.128, 'ndcg@20': 0.0608, 'hit@50': 0.191, 'ndcg@50': 0.0733, 'hit@80': 0.2293, 'ndcg@80': 0.0797} 
2023-11-02 15:16:32.073 | INFO     | trainer:_train_one_epoch:119 - epoch 11 914.04s Train loss is [0.0920] 
2023-11-02 15:16:58.119 | INFO     | trainer:_train_one_epoch:129 - validate 11 cost time 26.05s, result: {'hit@10': 0.1194, 'ndcg@10': 0.0688, 'hit@20': 0.1635, 'ndcg@20': 0.0799, 'hit@50': 0.239, 'ndcg@50': 0.0949, 'hit@80': 0.2827, 'ndcg@80': 0.1021} 
2023-11-02 15:17:21.999 | INFO     | trainer:_train_one_epoch:138 - test 11 cost time 23.88s, result: {'hit@10': 0.0934, 'ndcg@10': 0.0533, 'hit@20': 0.1303, 'ndcg@20': 0.0625, 'hit@50': 0.195, 'ndcg@50': 0.0753, 'hit@80': 0.2346, 'ndcg@80': 0.0819} 
2023-11-02 15:32:34.893 | INFO     | trainer:_train_one_epoch:119 - epoch 12 907.53s Train loss is [0.0895] 
2023-11-02 15:32:58.104 | INFO     | trainer:_train_one_epoch:129 - validate 12 cost time 23.21s, result: {'hit@10': 0.1204, 'ndcg@10': 0.0692, 'hit@20': 0.1653, 'ndcg@20': 0.0805, 'hit@50': 0.2406, 'ndcg@50': 0.0954, 'hit@80': 0.2852, 'ndcg@80': 0.1028} 
2023-11-02 15:33:19.675 | INFO     | trainer:_train_one_epoch:138 - test 12 cost time 21.57s, result: {'hit@10': 0.0956, 'ndcg@10': 0.0541, 'hit@20': 0.1322, 'ndcg@20': 0.0633, 'hit@50': 0.1969, 'ndcg@50': 0.0761, 'hit@80': 0.2382, 'ndcg@80': 0.083} 
2023-11-02 15:48:29.953 | INFO     | trainer:_train_one_epoch:119 - epoch 13 905.69s Train loss is [0.0870] 
2023-11-02 15:48:53.477 | INFO     | trainer:_train_one_epoch:129 - validate 13 cost time 23.52s, result: {'hit@10': 0.1215, 'ndcg@10': 0.0694, 'hit@20': 0.1665, 'ndcg@20': 0.0808, 'hit@50': 0.2421, 'ndcg@50': 0.0957, 'hit@80': 0.2879, 'ndcg@80': 0.1033} 
2023-11-02 15:49:15.362 | INFO     | trainer:_train_one_epoch:138 - test 13 cost time 21.88s, result: {'hit@10': 0.0961, 'ndcg@10': 0.0549, 'hit@20': 0.1351, 'ndcg@20': 0.0647, 'hit@50': 0.1999, 'ndcg@50': 0.0775, 'hit@80': 0.2407, 'ndcg@80': 0.0843} 
2023-11-02 16:04:19.831 | INFO     | trainer:_train_one_epoch:119 - epoch 14 899.79s Train loss is [0.0850] 
2023-11-02 16:04:44.011 | INFO     | trainer:_train_one_epoch:129 - validate 14 cost time 24.18s, result: {'hit@10': 0.1222, 'ndcg@10': 0.0699, 'hit@20': 0.1669, 'ndcg@20': 0.0811, 'hit@50': 0.2457, 'ndcg@50': 0.0968, 'hit@80': 0.2901, 'ndcg@80': 0.1041} 
2023-11-02 16:05:05.873 | INFO     | trainer:_train_one_epoch:138 - test 14 cost time 21.86s, result: {'hit@10': 0.0964, 'ndcg@10': 0.0548, 'hit@20': 0.1353, 'ndcg@20': 0.0646, 'hit@50': 0.2016, 'ndcg@50': 0.0777, 'hit@80': 0.2423, 'ndcg@80': 0.0845} 
2023-11-02 16:20:22.200 | INFO     | trainer:_train_one_epoch:119 - epoch 15 911.27s Train loss is [0.0835] 
2023-11-02 16:20:45.848 | INFO     | trainer:_train_one_epoch:129 - validate 15 cost time 23.65s, result: {'hit@10': 0.1218, 'ndcg@10': 0.0698, 'hit@20': 0.1696, 'ndcg@20': 0.0819, 'hit@50': 0.247, 'ndcg@50': 0.0972, 'hit@80': 0.2933, 'ndcg@80': 0.1049} 
2023-11-02 16:21:07.775 | INFO     | trainer:_train_one_epoch:138 - test 15 cost time 21.93s, result: {'hit@10': 0.0979, 'ndcg@10': 0.0556, 'hit@20': 0.1349, 'ndcg@20': 0.0649, 'hit@50': 0.2023, 'ndcg@50': 0.0782, 'hit@80': 0.2449, 'ndcg@80': 0.0853} 
2023-11-02 16:35:56.466 | INFO     | trainer:_train_one_epoch:119 - epoch 16 883.98s Train loss is [0.0816] 
2023-11-02 16:36:19.857 | INFO     | trainer:_train_one_epoch:129 - validate 16 cost time 23.39s, result: {'hit@10': 0.1221, 'ndcg@10': 0.0697, 'hit@20': 0.1693, 'ndcg@20': 0.0816, 'hit@50': 0.2491, 'ndcg@50': 0.0974, 'hit@80': 0.2958, 'ndcg@80': 0.1052} 
2023-11-02 16:36:41.579 | INFO     | trainer:_train_one_epoch:138 - test 16 cost time 21.72s, result: {'hit@10': 0.0984, 'ndcg@10': 0.0557, 'hit@20': 0.1366, 'ndcg@20': 0.0653, 'hit@50': 0.2036, 'ndcg@50': 0.0786, 'hit@80': 0.2471, 'ndcg@80': 0.0858} 
2023-11-02 16:51:43.193 | INFO     | trainer:_train_one_epoch:119 - epoch 17 901.61s Train loss is [0.0802] 
2023-11-02 16:52:09.471 | INFO     | trainer:_train_one_epoch:129 - validate 17 cost time 26.28s, result: {'hit@10': 0.1233, 'ndcg@10': 0.0706, 'hit@20': 0.1713, 'ndcg@20': 0.0827, 'hit@50': 0.2491, 'ndcg@50': 0.0981, 'hit@80': 0.2972, 'ndcg@80': 0.1061} 
2023-11-02 16:52:33.366 | INFO     | trainer:_train_one_epoch:138 - test 17 cost time 23.89s, result: {'hit@10': 0.0982, 'ndcg@10': 0.0559, 'hit@20': 0.1373, 'ndcg@20': 0.0657, 'hit@50': 0.2051, 'ndcg@50': 0.0791, 'hit@80': 0.248, 'ndcg@80': 0.0862} 
2023-11-02 17:07:44.011 | INFO     | trainer:_train_one_epoch:119 - epoch 18 905.77s Train loss is [0.0784] 
2023-11-02 17:08:09.727 | INFO     | trainer:_train_one_epoch:129 - validate 18 cost time 25.71s, result: {'hit@10': 0.1233, 'ndcg@10': 0.0711, 'hit@20': 0.1725, 'ndcg@20': 0.0835, 'hit@50': 0.2511, 'ndcg@50': 0.0991, 'hit@80': 0.2981, 'ndcg@80': 0.1069} 
2023-11-02 17:08:33.561 | INFO     | trainer:_train_one_epoch:138 - test 18 cost time 23.83s, result: {'hit@10': 0.0984, 'ndcg@10': 0.0559, 'hit@20': 0.1379, 'ndcg@20': 0.0659, 'hit@50': 0.2062, 'ndcg@50': 0.0794, 'hit@80': 0.2495, 'ndcg@80': 0.0866} 
2023-11-02 17:23:35.705 | INFO     | trainer:_train_one_epoch:119 - epoch 19 897.46s Train loss is [0.0771] 
2023-11-02 17:23:59.268 | INFO     | trainer:_train_one_epoch:129 - validate 19 cost time 23.56s, result: {'hit@10': 0.1254, 'ndcg@10': 0.0718, 'hit@20': 0.1733, 'ndcg@20': 0.0839, 'hit@50': 0.2532, 'ndcg@50': 0.0997, 'hit@80': 0.3009, 'ndcg@80': 0.1076} 
2023-11-02 17:24:21.024 | INFO     | trainer:_train_one_epoch:138 - test 19 cost time 21.75s, result: {'hit@10': 0.099, 'ndcg@10': 0.056, 'hit@20': 0.1384, 'ndcg@20': 0.0659, 'hit@50': 0.2087, 'ndcg@50': 0.0798, 'hit@80': 0.2532, 'ndcg@80': 0.0872} 
2023-11-02 17:39:19.584 | INFO     | trainer:_train_one_epoch:119 - epoch 20 893.24s Train loss is [0.0759] 
2023-11-02 17:39:42.711 | INFO     | trainer:_train_one_epoch:129 - validate 20 cost time 23.13s, result: {'hit@10': 0.1259, 'ndcg@10': 0.0721, 'hit@20': 0.1748, 'ndcg@20': 0.0844, 'hit@50': 0.2515, 'ndcg@50': 0.0996, 'hit@80': 0.3013, 'ndcg@80': 0.1079} 
2023-11-02 17:40:04.201 | INFO     | trainer:_train_one_epoch:138 - test 20 cost time 21.49s, result: {'hit@10': 0.0993, 'ndcg@10': 0.0565, 'hit@20': 0.1393, 'ndcg@20': 0.0666, 'hit@50': 0.2104, 'ndcg@50': 0.0807, 'hit@80': 0.2544, 'ndcg@80': 0.088} 
2023-11-02 17:54:58.941 | INFO     | trainer:_train_one_epoch:119 - epoch 21 890.07s Train loss is [0.0749] 
2023-11-02 17:55:22.440 | INFO     | trainer:_train_one_epoch:129 - validate 21 cost time 23.50s, result: {'hit@10': 0.1269, 'ndcg@10': 0.0728, 'hit@20': 0.1741, 'ndcg@20': 0.0846, 'hit@50': 0.255, 'ndcg@50': 0.1006, 'hit@80': 0.3044, 'ndcg@80': 0.1088} 
2023-11-02 17:55:44.253 | INFO     | trainer:_train_one_epoch:138 - test 21 cost time 21.81s, result: {'hit@10': 0.1001, 'ndcg@10': 0.0567, 'hit@20': 0.1396, 'ndcg@20': 0.0666, 'hit@50': 0.2115, 'ndcg@50': 0.0808, 'hit@80': 0.2568, 'ndcg@80': 0.0883} 
2023-11-02 18:10:33.198 | INFO     | trainer:_train_one_epoch:119 - epoch 22 888.94s Train loss is [0.0737] 
2023-11-02 18:10:56.841 | INFO     | trainer:_train_one_epoch:129 - validate 22 cost time 23.64s, result: {'hit@10': 0.1269, 'ndcg@10': 0.0726, 'hit@20': 0.1756, 'ndcg@20': 0.0849, 'hit@50': 0.2544, 'ndcg@50': 0.1005, 'hit@80': 0.3042, 'ndcg@80': 0.1088} 
2023-11-02 18:11:18.603 | INFO     | trainer:_train_one_epoch:138 - test 22 cost time 21.76s, result: {'hit@10': 0.1008, 'ndcg@10': 0.0574, 'hit@20': 0.1401, 'ndcg@20': 0.0672, 'hit@50': 0.2123, 'ndcg@50': 0.0815, 'hit@80': 0.2574, 'ndcg@80': 0.089} 
2023-11-02 18:26:25.805 | INFO     | trainer:_train_one_epoch:119 - epoch 23 902.60s Train loss is [0.0726] 
2023-11-02 18:26:49.750 | INFO     | trainer:_train_one_epoch:129 - validate 23 cost time 23.94s, result: {'hit@10': 0.1278, 'ndcg@10': 0.0729, 'hit@20': 0.1757, 'ndcg@20': 0.0849, 'hit@50': 0.2548, 'ndcg@50': 0.1006, 'hit@80': 0.304, 'ndcg@80': 0.1088} 
2023-11-02 18:27:11.614 | INFO     | trainer:_train_one_epoch:138 - test 23 cost time 21.86s, result: {'hit@10': 0.1009, 'ndcg@10': 0.0573, 'hit@20': 0.141, 'ndcg@20': 0.0674, 'hit@50': 0.2139, 'ndcg@50': 0.0818, 'hit@80': 0.2599, 'ndcg@80': 0.0894} 
2023-11-02 18:42:16.059 | INFO     | trainer:_train_one_epoch:119 - epoch 24 899.73s Train loss is [0.0718] 
2023-11-02 18:42:39.701 | INFO     | trainer:_train_one_epoch:129 - validate 24 cost time 23.64s, result: {'hit@10': 0.1272, 'ndcg@10': 0.0725, 'hit@20': 0.1767, 'ndcg@20': 0.0849, 'hit@50': 0.2572, 'ndcg@50': 0.1009, 'hit@80': 0.3059, 'ndcg@80': 0.109} 
2023-11-02 18:43:01.534 | INFO     | trainer:_train_one_epoch:138 - test 24 cost time 21.83s, result: {'hit@10': 0.1015, 'ndcg@10': 0.0573, 'hit@20': 0.1417, 'ndcg@20': 0.0674, 'hit@50': 0.2148, 'ndcg@50': 0.0819, 'hit@80': 0.2609, 'ndcg@80': 0.0895} 
2023-11-02 18:58:10.484 | INFO     | trainer:_train_one_epoch:119 - epoch 25 903.77s Train loss is [0.0709] 
2023-11-02 18:58:34.050 | INFO     | trainer:_train_one_epoch:129 - validate 25 cost time 23.56s, result: {'hit@10': 0.128, 'ndcg@10': 0.073, 'hit@20': 0.1758, 'ndcg@20': 0.085, 'hit@50': 0.2568, 'ndcg@50': 0.1011, 'hit@80': 0.3075, 'ndcg@80': 0.1095} 
2023-11-02 18:58:55.771 | INFO     | trainer:_train_one_epoch:138 - test 25 cost time 21.72s, result: {'hit@10': 0.1007, 'ndcg@10': 0.0571, 'hit@20': 0.1427, 'ndcg@20': 0.0677, 'hit@50': 0.2152, 'ndcg@50': 0.082, 'hit@80': 0.2603, 'ndcg@80': 0.0895} 
2023-11-02 19:13:57.283 | INFO     | trainer:_train_one_epoch:119 - epoch 26 901.51s Train loss is [0.0701] 
2023-11-02 19:14:20.871 | INFO     | trainer:_train_one_epoch:129 - validate 26 cost time 23.59s, result: {'hit@10': 0.1281, 'ndcg@10': 0.0729, 'hit@20': 0.1773, 'ndcg@20': 0.0853, 'hit@50': 0.2576, 'ndcg@50': 0.1012, 'hit@80': 0.3073, 'ndcg@80': 0.1095} 
2023-11-02 19:14:42.713 | INFO     | trainer:_train_one_epoch:138 - test 26 cost time 21.84s, result: {'hit@10': 0.1024, 'ndcg@10': 0.0574, 'hit@20': 0.1431, 'ndcg@20': 0.0676, 'hit@50': 0.218, 'ndcg@50': 0.0824, 'hit@80': 0.263, 'ndcg@80': 0.0899} 
2023-11-02 19:29:43.135 | INFO     | trainer:_train_one_epoch:119 - epoch 27 895.69s Train loss is [0.0691] 
2023-11-02 19:30:08.757 | INFO     | trainer:_train_one_epoch:129 - validate 27 cost time 25.62s, result: {'hit@10': 0.1279, 'ndcg@10': 0.0728, 'hit@20': 0.1762, 'ndcg@20': 0.0849, 'hit@50': 0.2598, 'ndcg@50': 0.1015, 'hit@80': 0.3078, 'ndcg@80': 0.1095} 
2023-11-02 19:30:32.520 | INFO     | trainer:_train_one_epoch:138 - test 27 cost time 23.76s, result: {'hit@10': 0.1032, 'ndcg@10': 0.0577, 'hit@20': 0.1448, 'ndcg@20': 0.0682, 'hit@50': 0.2187, 'ndcg@50': 0.0828, 'hit@80': 0.2649, 'ndcg@80': 0.0904} 
2023-11-02 19:45:28.300 | INFO     | trainer:_train_one_epoch:119 - epoch 28 895.78s Train loss is [0.0685] 
2023-11-02 19:45:51.815 | INFO     | trainer:_train_one_epoch:129 - validate 28 cost time 23.51s, result: {'hit@10': 0.1281, 'ndcg@10': 0.0728, 'hit@20': 0.1777, 'ndcg@20': 0.0853, 'hit@50': 0.2597, 'ndcg@50': 0.1015, 'hit@80': 0.3099, 'ndcg@80': 0.1099} 
2023-11-02 19:46:13.665 | INFO     | trainer:_train_one_epoch:138 - test 28 cost time 21.85s, result: {'hit@10': 0.1041, 'ndcg@10': 0.0584, 'hit@20': 0.1455, 'ndcg@20': 0.0688, 'hit@50': 0.2198, 'ndcg@50': 0.0835, 'hit@80': 0.2674, 'ndcg@80': 0.0914} 
2023-11-02 20:01:21.356 | INFO     | trainer:_train_one_epoch:119 - epoch 29 903.03s Train loss is [0.0676] 
2023-11-02 20:01:44.574 | INFO     | trainer:_train_one_epoch:129 - validate 29 cost time 23.22s, result: {'hit@10': 0.1297, 'ndcg@10': 0.0735, 'hit@20': 0.1783, 'ndcg@20': 0.0857, 'hit@50': 0.2621, 'ndcg@50': 0.1023, 'hit@80': 0.3123, 'ndcg@80': 0.1107} 
2023-11-02 20:02:06.143 | INFO     | trainer:_train_one_epoch:138 - test 29 cost time 21.57s, result: {'hit@10': 0.1044, 'ndcg@10': 0.0588, 'hit@20': 0.145, 'ndcg@20': 0.0691, 'hit@50': 0.2208, 'ndcg@50': 0.084, 'hit@80': 0.268, 'ndcg@80': 0.0919} 
2023-11-02 20:17:04.100 | INFO     | trainer:_train_one_epoch:119 - epoch 30 893.29s Train loss is [0.0668] 
2023-11-02 20:17:27.588 | INFO     | trainer:_train_one_epoch:129 - validate 30 cost time 23.49s, result: {'hit@10': 0.1305, 'ndcg@10': 0.0741, 'hit@20': 0.1802, 'ndcg@20': 0.0866, 'hit@50': 0.2639, 'ndcg@50': 0.1032, 'hit@80': 0.3143, 'ndcg@80': 0.1116} 
2023-11-02 20:17:49.430 | INFO     | trainer:_train_one_epoch:138 - test 30 cost time 21.84s, result: {'hit@10': 0.1046, 'ndcg@10': 0.0589, 'hit@20': 0.147, 'ndcg@20': 0.0696, 'hit@50': 0.2224, 'ndcg@50': 0.0845, 'hit@80': 0.2689, 'ndcg@80': 0.0922} 
2023-11-02 20:32:41.331 | INFO     | trainer:_train_one_epoch:119 - epoch 31 887.35s Train loss is [0.0663] 
2023-11-02 20:33:04.875 | INFO     | trainer:_train_one_epoch:129 - validate 31 cost time 23.54s, result: {'hit@10': 0.1309, 'ndcg@10': 0.0745, 'hit@20': 0.1814, 'ndcg@20': 0.0873, 'hit@50': 0.264, 'ndcg@50': 0.1037, 'hit@80': 0.3162, 'ndcg@80': 0.1123} 
2023-11-02 20:33:26.727 | INFO     | trainer:_train_one_epoch:138 - test 31 cost time 21.85s, result: {'hit@10': 0.1053, 'ndcg@10': 0.0593, 'hit@20': 0.148, 'ndcg@20': 0.07, 'hit@50': 0.222, 'ndcg@50': 0.0846, 'hit@80': 0.2701, 'ndcg@80': 0.0926} 
2023-11-02 20:48:32.523 | INFO     | trainer:_train_one_epoch:119 - epoch 32 900.49s Train loss is [0.0654] 
2023-11-02 20:48:58.575 | INFO     | trainer:_train_one_epoch:129 - validate 32 cost time 26.05s, result: {'hit@10': 0.1312, 'ndcg@10': 0.0748, 'hit@20': 0.182, 'ndcg@20': 0.0876, 'hit@50': 0.2642, 'ndcg@50': 0.1039, 'hit@80': 0.3155, 'ndcg@80': 0.1124} 
2023-11-02 20:49:22.451 | INFO     | trainer:_train_one_epoch:138 - test 32 cost time 23.87s, result: {'hit@10': 0.1065, 'ndcg@10': 0.06, 'hit@20': 0.1469, 'ndcg@20': 0.0702, 'hit@50': 0.2228, 'ndcg@50': 0.0852, 'hit@80': 0.2709, 'ndcg@80': 0.0932} 
2023-11-02 21:04:15.658 | INFO     | trainer:_train_one_epoch:119 - epoch 33 888.46s Train loss is [0.0647] 
2023-11-02 21:04:38.866 | INFO     | trainer:_train_one_epoch:129 - validate 33 cost time 23.21s, result: {'hit@10': 0.1317, 'ndcg@10': 0.0751, 'hit@20': 0.1816, 'ndcg@20': 0.0877, 'hit@50': 0.2651, 'ndcg@50': 0.1042, 'hit@80': 0.3168, 'ndcg@80': 0.1128} 
2023-11-02 21:05:00.370 | INFO     | trainer:_train_one_epoch:138 - test 33 cost time 21.50s, result: {'hit@10': 0.1054, 'ndcg@10': 0.0593, 'hit@20': 0.1477, 'ndcg@20': 0.0699, 'hit@50': 0.224, 'ndcg@50': 0.085, 'hit@80': 0.2712, 'ndcg@80': 0.0928} 
2023-11-02 21:19:54.591 | INFO     | trainer:_train_one_epoch:119 - epoch 34 894.22s Train loss is [0.0640] 
2023-11-02 21:20:18.101 | INFO     | trainer:_train_one_epoch:129 - validate 34 cost time 23.51s, result: {'hit@10': 0.1332, 'ndcg@10': 0.076, 'hit@20': 0.1839, 'ndcg@20': 0.0888, 'hit@50': 0.2673, 'ndcg@50': 0.1052, 'hit@80': 0.3182, 'ndcg@80': 0.1137} 
2023-11-02 21:20:39.785 | INFO     | trainer:_train_one_epoch:138 - test 34 cost time 21.68s, result: {'hit@10': 0.1062, 'ndcg@10': 0.0598, 'hit@20': 0.149, 'ndcg@20': 0.0706, 'hit@50': 0.2242, 'ndcg@50': 0.0854, 'hit@80': 0.272, 'ndcg@80': 0.0934} 
2023-11-02 21:35:38.732 | INFO     | trainer:_train_one_epoch:119 - epoch 35 894.36s Train loss is [0.0634] 
2023-11-02 21:36:01.888 | INFO     | trainer:_train_one_epoch:129 - validate 35 cost time 23.16s, result: {'hit@10': 0.1335, 'ndcg@10': 0.0761, 'hit@20': 0.1855, 'ndcg@20': 0.0892, 'hit@50': 0.2679, 'ndcg@50': 0.1055, 'hit@80': 0.3193, 'ndcg@80': 0.114} 
2023-11-02 21:36:23.440 | INFO     | trainer:_train_one_epoch:138 - test 35 cost time 21.55s, result: {'hit@10': 0.1067, 'ndcg@10': 0.06, 'hit@20': 0.1499, 'ndcg@20': 0.0709, 'hit@50': 0.2246, 'ndcg@50': 0.0856, 'hit@80': 0.2726, 'ndcg@80': 0.0936} 
2023-11-02 21:51:27.487 | INFO     | trainer:_train_one_epoch:119 - epoch 36 899.15s Train loss is [0.0628] 
2023-11-02 21:51:52.958 | INFO     | trainer:_train_one_epoch:129 - validate 36 cost time 25.47s, result: {'hit@10': 0.1347, 'ndcg@10': 0.0767, 'hit@20': 0.1861, 'ndcg@20': 0.0896, 'hit@50': 0.2695, 'ndcg@50': 0.1061, 'hit@80': 0.3213, 'ndcg@80': 0.1148} 
2023-11-02 21:52:15.134 | INFO     | trainer:_train_one_epoch:138 - test 36 cost time 22.17s, result: {'hit@10': 0.1071, 'ndcg@10': 0.0605, 'hit@20': 0.1513, 'ndcg@20': 0.0716, 'hit@50': 0.2265, 'ndcg@50': 0.0864, 'hit@80': 0.2751, 'ndcg@80': 0.0945} 
2023-11-02 22:07:16.451 | INFO     | trainer:_train_one_epoch:119 - epoch 37 896.55s Train loss is [0.0622] 
2023-11-02 22:07:42.039 | INFO     | trainer:_train_one_epoch:129 - validate 37 cost time 25.59s, result: {'hit@10': 0.1346, 'ndcg@10': 0.0767, 'hit@20': 0.1861, 'ndcg@20': 0.0897, 'hit@50': 0.2706, 'ndcg@50': 0.1064, 'hit@80': 0.3225, 'ndcg@80': 0.1151} 
2023-11-02 22:08:05.897 | INFO     | trainer:_train_one_epoch:138 - test 37 cost time 23.86s, result: {'hit@10': 0.1078, 'ndcg@10': 0.0609, 'hit@20': 0.1522, 'ndcg@20': 0.0721, 'hit@50': 0.2286, 'ndcg@50': 0.0872, 'hit@80': 0.2773, 'ndcg@80': 0.0953} 
2023-11-02 22:22:59.075 | INFO     | trainer:_train_one_epoch:119 - epoch 38 893.18s Train loss is [0.0616] 
2023-11-02 22:23:22.593 | INFO     | trainer:_train_one_epoch:129 - validate 38 cost time 23.51s, result: {'hit@10': 0.1354, 'ndcg@10': 0.0773, 'hit@20': 0.1871, 'ndcg@20': 0.0903, 'hit@50': 0.2725, 'ndcg@50': 0.1072, 'hit@80': 0.3241, 'ndcg@80': 0.1157} 
2023-11-02 22:23:44.356 | INFO     | trainer:_train_one_epoch:138 - test 38 cost time 21.76s, result: {'hit@10': 0.1085, 'ndcg@10': 0.0615, 'hit@20': 0.1528, 'ndcg@20': 0.0727, 'hit@50': 0.2303, 'ndcg@50': 0.088, 'hit@80': 0.2786, 'ndcg@80': 0.096} 
2023-11-02 22:38:46.642 | INFO     | trainer:_train_one_epoch:119 - epoch 39 897.77s Train loss is [0.0611] 
2023-11-02 22:39:10.413 | INFO     | trainer:_train_one_epoch:129 - validate 39 cost time 23.77s, result: {'hit@10': 0.1364, 'ndcg@10': 0.0781, 'hit@20': 0.1888, 'ndcg@20': 0.0913, 'hit@50': 0.2749, 'ndcg@50': 0.1084, 'hit@80': 0.3274, 'ndcg@80': 0.1171} 
2023-11-02 22:39:32.219 | INFO     | trainer:_train_one_epoch:138 - test 39 cost time 21.80s, result: {'hit@10': 0.1093, 'ndcg@10': 0.0618, 'hit@20': 0.1539, 'ndcg@20': 0.073, 'hit@50': 0.2317, 'ndcg@50': 0.0884, 'hit@80': 0.2797, 'ndcg@80': 0.0963} 
2023-11-02 22:54:20.462 | INFO     | trainer:_train_one_epoch:119 - epoch 40 883.69s Train loss is [0.0606] 
2023-11-02 22:54:43.963 | INFO     | trainer:_train_one_epoch:129 - validate 40 cost time 23.50s, result: {'hit@10': 0.1358, 'ndcg@10': 0.0778, 'hit@20': 0.189, 'ndcg@20': 0.0912, 'hit@50': 0.2749, 'ndcg@50': 0.1082, 'hit@80': 0.3274, 'ndcg@80': 0.1169} 
2023-11-02 22:55:05.715 | INFO     | trainer:_train_one_epoch:138 - test 40 cost time 21.75s, result: {'hit@10': 0.1099, 'ndcg@10': 0.0617, 'hit@20': 0.1544, 'ndcg@20': 0.0729, 'hit@50': 0.2333, 'ndcg@50': 0.0885, 'hit@80': 0.2808, 'ndcg@80': 0.0964} 
2023-11-02 23:10:03.756 | INFO     | trainer:_train_one_epoch:119 - epoch 41 892.71s Train loss is [0.0600] 
2023-11-02 23:10:27.403 | INFO     | trainer:_train_one_epoch:129 - validate 41 cost time 23.65s, result: {'hit@10': 0.1362, 'ndcg@10': 0.0777, 'hit@20': 0.1895, 'ndcg@20': 0.0911, 'hit@50': 0.2752, 'ndcg@50': 0.108, 'hit@80': 0.3268, 'ndcg@80': 0.1166} 
2023-11-02 23:10:49.223 | INFO     | trainer:_train_one_epoch:138 - test 41 cost time 21.82s, result: {'hit@10': 0.1089, 'ndcg@10': 0.0615, 'hit@20': 0.154, 'ndcg@20': 0.0728, 'hit@50': 0.2334, 'ndcg@50': 0.0886, 'hit@80': 0.282, 'ndcg@80': 0.0966} 
2023-11-02 23:25:50.787 | INFO     | trainer:_train_one_epoch:119 - epoch 42 896.82s Train loss is [0.0595] 
2023-11-02 23:26:14.227 | INFO     | trainer:_train_one_epoch:129 - validate 42 cost time 23.44s, result: {'hit@10': 0.1374, 'ndcg@10': 0.0779, 'hit@20': 0.1892, 'ndcg@20': 0.091, 'hit@50': 0.2769, 'ndcg@50': 0.1084, 'hit@80': 0.3294, 'ndcg@80': 0.1171} 
2023-11-02 23:26:35.997 | INFO     | trainer:_train_one_epoch:138 - test 42 cost time 21.77s, result: {'hit@10': 0.1101, 'ndcg@10': 0.0619, 'hit@20': 0.155, 'ndcg@20': 0.0732, 'hit@50': 0.2339, 'ndcg@50': 0.0888, 'hit@80': 0.2844, 'ndcg@80': 0.0972} 
2023-11-02 23:41:27.093 | INFO     | trainer:_train_one_epoch:119 - epoch 43 891.09s Train loss is [0.0590] 
2023-11-02 23:41:50.538 | INFO     | trainer:_train_one_epoch:129 - validate 43 cost time 23.44s, result: {'hit@10': 0.1384, 'ndcg@10': 0.0784, 'hit@20': 0.1908, 'ndcg@20': 0.0916, 'hit@50': 0.2773, 'ndcg@50': 0.1087, 'hit@80': 0.3309, 'ndcg@80': 0.1176} 
2023-11-02 23:42:12.383 | INFO     | trainer:_train_one_epoch:138 - test 43 cost time 21.84s, result: {'hit@10': 0.1105, 'ndcg@10': 0.0624, 'hit@20': 0.1546, 'ndcg@20': 0.0735, 'hit@50': 0.2357, 'ndcg@50': 0.0896, 'hit@80': 0.2856, 'ndcg@80': 0.0979} 
2023-11-02 23:57:26.141 | INFO     | trainer:_train_one_epoch:119 - epoch 44 908.34s Train loss is [0.0585] 
2023-11-02 23:57:52.346 | INFO     | trainer:_train_one_epoch:129 - validate 44 cost time 26.20s, result: {'hit@10': 0.1384, 'ndcg@10': 0.0786, 'hit@20': 0.1919, 'ndcg@20': 0.0921, 'hit@50': 0.2785, 'ndcg@50': 0.1093, 'hit@80': 0.3328, 'ndcg@80': 0.1183} 
2023-11-02 23:58:16.188 | INFO     | trainer:_train_one_epoch:138 - test 44 cost time 23.84s, result: {'hit@10': 0.1113, 'ndcg@10': 0.0627, 'hit@20': 0.1572, 'ndcg@20': 0.0742, 'hit@50': 0.2366, 'ndcg@50': 0.0899, 'hit@80': 0.2864, 'ndcg@80': 0.0982} 
2023-11-03 00:13:11.147 | INFO     | trainer:_train_one_epoch:119 - epoch 45 890.31s Train loss is [0.0580] 
2023-11-03 00:13:37.409 | INFO     | trainer:_train_one_epoch:129 - validate 45 cost time 26.26s, result: {'hit@10': 0.1379, 'ndcg@10': 0.0784, 'hit@20': 0.1909, 'ndcg@20': 0.0918, 'hit@50': 0.2796, 'ndcg@50': 0.1093, 'hit@80': 0.3333, 'ndcg@80': 0.1182} 
2023-11-03 00:14:01.296 | INFO     | trainer:_train_one_epoch:138 - test 45 cost time 23.89s, result: {'hit@10': 0.1124, 'ndcg@10': 0.063, 'hit@20': 0.157, 'ndcg@20': 0.0742, 'hit@50': 0.237, 'ndcg@50': 0.09, 'hit@80': 0.288, 'ndcg@80': 0.0985} 
2023-11-03 00:29:03.654 | INFO     | trainer:_train_one_epoch:119 - epoch 46 902.36s Train loss is [0.0575] 
2023-11-03 00:29:27.261 | INFO     | trainer:_train_one_epoch:129 - validate 46 cost time 23.61s, result: {'hit@10': 0.1389, 'ndcg@10': 0.0788, 'hit@20': 0.1907, 'ndcg@20': 0.0919, 'hit@50': 0.2797, 'ndcg@50': 0.1095, 'hit@80': 0.3351, 'ndcg@80': 0.1187} 
2023-11-03 00:29:49.026 | INFO     | trainer:_train_one_epoch:138 - test 46 cost time 21.76s, result: {'hit@10': 0.1127, 'ndcg@10': 0.0634, 'hit@20': 0.1586, 'ndcg@20': 0.075, 'hit@50': 0.2367, 'ndcg@50': 0.0904, 'hit@80': 0.2888, 'ndcg@80': 0.0991} 
2023-11-03 00:44:58.115 | INFO     | trainer:_train_one_epoch:119 - epoch 47 909.09s Train loss is [0.0571] 
2023-11-03 00:45:21.614 | INFO     | trainer:_train_one_epoch:129 - validate 47 cost time 23.50s, result: {'hit@10': 0.1384, 'ndcg@10': 0.0789, 'hit@20': 0.1922, 'ndcg@20': 0.0925, 'hit@50': 0.2802, 'ndcg@50': 0.1099, 'hit@80': 0.3356, 'ndcg@80': 0.1191} 
2023-11-03 00:45:43.354 | INFO     | trainer:_train_one_epoch:138 - test 47 cost time 21.74s, result: {'hit@10': 0.113, 'ndcg@10': 0.0632, 'hit@20': 0.1575, 'ndcg@20': 0.0745, 'hit@50': 0.2384, 'ndcg@50': 0.0904, 'hit@80': 0.2898, 'ndcg@80': 0.099} 
2023-11-03 01:00:57.083 | INFO     | trainer:_train_one_epoch:119 - epoch 48 908.32s Train loss is [0.0567] 
2023-11-03 01:01:20.725 | INFO     | trainer:_train_one_epoch:129 - validate 48 cost time 23.64s, result: {'hit@10': 0.1397, 'ndcg@10': 0.0794, 'hit@20': 0.1945, 'ndcg@20': 0.0931, 'hit@50': 0.2821, 'ndcg@50': 0.1104, 'hit@80': 0.3368, 'ndcg@80': 0.1195} 
2023-11-03 01:01:42.618 | INFO     | trainer:_train_one_epoch:138 - test 48 cost time 21.89s, result: {'hit@10': 0.114, 'ndcg@10': 0.0637, 'hit@20': 0.159, 'ndcg@20': 0.0751, 'hit@50': 0.2401, 'ndcg@50': 0.0911, 'hit@80': 0.2926, 'ndcg@80': 0.0998} 
2023-11-03 01:16:48.662 | INFO     | trainer:_train_one_epoch:119 - epoch 49 901.37s Train loss is [0.0563] 
2023-11-03 01:17:13.951 | INFO     | trainer:_train_one_epoch:129 - validate 49 cost time 25.29s, result: {'hit@10': 0.1382, 'ndcg@10': 0.0785, 'hit@20': 0.1927, 'ndcg@20': 0.0923, 'hit@50': 0.2826, 'ndcg@50': 0.1101, 'hit@80': 0.3378, 'ndcg@80': 0.1192} 
2023-11-03 01:17:37.687 | INFO     | trainer:_train_one_epoch:138 - test 49 cost time 23.73s, result: {'hit@10': 0.1147, 'ndcg@10': 0.0643, 'hit@20': 0.1591, 'ndcg@20': 0.0754, 'hit@50': 0.2414, 'ndcg@50': 0.0917, 'hit@80': 0.2925, 'ndcg@80': 0.1002} 
2023-11-03 01:32:42.518 | INFO     | trainer:_train_one_epoch:119 - epoch 50 904.83s Train loss is [0.0557] 
2023-11-03 01:33:08.593 | INFO     | trainer:_train_one_epoch:129 - validate 50 cost time 26.07s, result: {'hit@10': 0.1391, 'ndcg@10': 0.0792, 'hit@20': 0.1943, 'ndcg@20': 0.0931, 'hit@50': 0.2863, 'ndcg@50': 0.1113, 'hit@80': 0.3392, 'ndcg@80': 0.1201} 
2023-11-03 01:33:32.434 | INFO     | trainer:_train_one_epoch:138 - test 50 cost time 23.84s, result: {'hit@10': 0.1144, 'ndcg@10': 0.0643, 'hit@20': 0.161, 'ndcg@20': 0.076, 'hit@50': 0.2411, 'ndcg@50': 0.0918, 'hit@80': 0.2933, 'ndcg@80': 0.1005} 
2023-11-03 01:48:41.507 | INFO     | trainer:_train_one_epoch:119 - epoch 51 909.07s Train loss is [0.0554] 
2023-11-03 01:49:04.577 | INFO     | trainer:_train_one_epoch:129 - validate 51 cost time 23.07s, result: {'hit@10': 0.1407, 'ndcg@10': 0.0799, 'hit@20': 0.1962, 'ndcg@20': 0.0939, 'hit@50': 0.2859, 'ndcg@50': 0.1116, 'hit@80': 0.3407, 'ndcg@80': 0.1208} 
2023-11-03 01:49:26.033 | INFO     | trainer:_train_one_epoch:138 - test 51 cost time 21.45s, result: {'hit@10': 0.1143, 'ndcg@10': 0.0644, 'hit@20': 0.1616, 'ndcg@20': 0.0763, 'hit@50': 0.2422, 'ndcg@50': 0.0923, 'hit@80': 0.2952, 'ndcg@80': 0.1011} 
2023-11-03 02:04:26.838 | INFO     | trainer:_train_one_epoch:119 - epoch 52 896.13s Train loss is [0.0549] 
2023-11-03 02:04:50.542 | INFO     | trainer:_train_one_epoch:129 - validate 52 cost time 23.70s, result: {'hit@10': 0.1408, 'ndcg@10': 0.0801, 'hit@20': 0.1965, 'ndcg@20': 0.0941, 'hit@50': 0.2866, 'ndcg@50': 0.112, 'hit@80': 0.3409, 'ndcg@80': 0.121} 
2023-11-03 02:05:12.428 | INFO     | trainer:_train_one_epoch:138 - test 52 cost time 21.88s, result: {'hit@10': 0.1147, 'ndcg@10': 0.0647, 'hit@20': 0.1616, 'ndcg@20': 0.0765, 'hit@50': 0.2444, 'ndcg@50': 0.0929, 'hit@80': 0.2962, 'ndcg@80': 0.1015} 
2023-11-03 02:20:23.153 | INFO     | trainer:_train_one_epoch:119 - epoch 53 906.08s Train loss is [0.0547] 
2023-11-03 02:20:46.546 | INFO     | trainer:_train_one_epoch:129 - validate 53 cost time 23.39s, result: {'hit@10': 0.1412, 'ndcg@10': 0.0801, 'hit@20': 0.1977, 'ndcg@20': 0.0943, 'hit@50': 0.2874, 'ndcg@50': 0.1121, 'hit@80': 0.3419, 'ndcg@80': 0.1211} 
2023-11-03 02:21:08.343 | INFO     | trainer:_train_one_epoch:138 - test 53 cost time 21.79s, result: {'hit@10': 0.1149, 'ndcg@10': 0.0645, 'hit@20': 0.1614, 'ndcg@20': 0.0762, 'hit@50': 0.2462, 'ndcg@50': 0.0929, 'hit@80': 0.2971, 'ndcg@80': 0.1014} 
2023-11-03 02:36:25.071 | INFO     | trainer:_train_one_epoch:119 - epoch 54 911.27s Train loss is [0.0542] 
2023-11-03 02:36:50.532 | INFO     | trainer:_train_one_epoch:129 - validate 54 cost time 25.46s, result: {'hit@10': 0.1422, 'ndcg@10': 0.0805, 'hit@20': 0.1975, 'ndcg@20': 0.0945, 'hit@50': 0.2896, 'ndcg@50': 0.1127, 'hit@80': 0.3442, 'ndcg@80': 0.1218} 
2023-11-03 02:37:14.298 | INFO     | trainer:_train_one_epoch:138 - test 54 cost time 23.76s, result: {'hit@10': 0.1157, 'ndcg@10': 0.0649, 'hit@20': 0.1617, 'ndcg@20': 0.0765, 'hit@50': 0.2449, 'ndcg@50': 0.093, 'hit@80': 0.2976, 'ndcg@80': 0.1018} 
2023-11-03 02:52:19.543 | INFO     | trainer:_train_one_epoch:119 - epoch 55 905.24s Train loss is [0.0537] 
2023-11-03 02:52:45.472 | INFO     | trainer:_train_one_epoch:129 - validate 55 cost time 25.93s, result: {'hit@10': 0.1424, 'ndcg@10': 0.0803, 'hit@20': 0.1979, 'ndcg@20': 0.0943, 'hit@50': 0.2899, 'ndcg@50': 0.1125, 'hit@80': 0.3446, 'ndcg@80': 0.1216} 
2023-11-03 02:53:09.221 | INFO     | trainer:_train_one_epoch:138 - test 55 cost time 23.75s, result: {'hit@10': 0.1162, 'ndcg@10': 0.0655, 'hit@20': 0.1626, 'ndcg@20': 0.0771, 'hit@50': 0.2465, 'ndcg@50': 0.0937, 'hit@80': 0.2992, 'ndcg@80': 0.1025} 
2023-11-03 03:08:14.634 | INFO     | trainer:_train_one_epoch:119 - epoch 56 900.77s Train loss is [0.0534] 
2023-11-03 03:08:38.584 | INFO     | trainer:_train_one_epoch:129 - validate 56 cost time 23.95s, result: {'hit@10': 0.1424, 'ndcg@10': 0.0806, 'hit@20': 0.1982, 'ndcg@20': 0.0946, 'hit@50': 0.2901, 'ndcg@50': 0.1129, 'hit@80': 0.346, 'ndcg@80': 0.1222} 
2023-11-03 03:09:00.406 | INFO     | trainer:_train_one_epoch:138 - test 56 cost time 21.82s, result: {'hit@10': 0.1169, 'ndcg@10': 0.0656, 'hit@20': 0.163, 'ndcg@20': 0.0772, 'hit@50': 0.247, 'ndcg@50': 0.0938, 'hit@80': 0.2988, 'ndcg@80': 0.1024} 
2023-11-03 03:24:06.485 | INFO     | trainer:_train_one_epoch:119 - epoch 57 899.96s Train loss is [0.0530] 
2023-11-03 03:24:30.198 | INFO     | trainer:_train_one_epoch:129 - validate 57 cost time 23.71s, result: {'hit@10': 0.1419, 'ndcg@10': 0.0807, 'hit@20': 0.1988, 'ndcg@20': 0.095, 'hit@50': 0.2912, 'ndcg@50': 0.1134, 'hit@80': 0.3469, 'ndcg@80': 0.1226} 
2023-11-03 03:24:52.080 | INFO     | trainer:_train_one_epoch:138 - test 57 cost time 21.88s, result: {'hit@10': 0.117, 'ndcg@10': 0.0656, 'hit@20': 0.1649, 'ndcg@20': 0.0776, 'hit@50': 0.2479, 'ndcg@50': 0.094, 'hit@80': 0.3008, 'ndcg@80': 0.1028} 
2023-11-03 03:39:57.053 | INFO     | trainer:_train_one_epoch:119 - epoch 58 900.25s Train loss is [0.0527] 
2023-11-03 03:40:20.659 | INFO     | trainer:_train_one_epoch:129 - validate 58 cost time 23.60s, result: {'hit@10': 0.1441, 'ndcg@10': 0.0816, 'hit@20': 0.1993, 'ndcg@20': 0.0955, 'hit@50': 0.2916, 'ndcg@50': 0.1137, 'hit@80': 0.3478, 'ndcg@80': 0.1231} 
2023-11-03 03:40:43.795 | INFO     | trainer:_train_one_epoch:138 - test 58 cost time 23.13s, result: {'hit@10': 0.1184, 'ndcg@10': 0.0658, 'hit@20': 0.1658, 'ndcg@20': 0.0778, 'hit@50': 0.2486, 'ndcg@50': 0.0941, 'hit@80': 0.302, 'ndcg@80': 0.103} 
2023-11-03 03:55:48.027 | INFO     | trainer:_train_one_epoch:119 - epoch 59 899.60s Train loss is [0.0524] 
2023-11-03 03:56:11.488 | INFO     | trainer:_train_one_epoch:129 - validate 59 cost time 23.46s, result: {'hit@10': 0.1435, 'ndcg@10': 0.0817, 'hit@20': 0.1995, 'ndcg@20': 0.0958, 'hit@50': 0.293, 'ndcg@50': 0.1143, 'hit@80': 0.3489, 'ndcg@80': 0.1236} 
2023-11-03 03:56:33.329 | INFO     | trainer:_train_one_epoch:138 - test 59 cost time 21.84s, result: {'hit@10': 0.119, 'ndcg@10': 0.0665, 'hit@20': 0.1654, 'ndcg@20': 0.0782, 'hit@50': 0.2484, 'ndcg@50': 0.0946, 'hit@80': 0.3019, 'ndcg@80': 0.1035} 
2023-11-03 04:11:49.989 | INFO     | trainer:_train_one_epoch:119 - epoch 60 911.20s Train loss is [0.0520] 
2023-11-03 04:12:13.469 | INFO     | trainer:_train_one_epoch:129 - validate 60 cost time 23.48s, result: {'hit@10': 0.1431, 'ndcg@10': 0.0813, 'hit@20': 0.2013, 'ndcg@20': 0.0959, 'hit@50': 0.293, 'ndcg@50': 0.1141, 'hit@80': 0.3491, 'ndcg@80': 0.1234} 
2023-11-03 04:12:35.291 | INFO     | trainer:_train_one_epoch:138 - test 60 cost time 21.82s, result: {'hit@10': 0.1184, 'ndcg@10': 0.0663, 'hit@20': 0.167, 'ndcg@20': 0.0785, 'hit@50': 0.2487, 'ndcg@50': 0.0947, 'hit@80': 0.301, 'ndcg@80': 0.1034} 
2023-11-03 04:27:29.997 | INFO     | trainer:_train_one_epoch:119 - epoch 61 890.07s Train loss is [0.0516] 
2023-11-03 04:27:53.495 | INFO     | trainer:_train_one_epoch:129 - validate 61 cost time 23.50s, result: {'hit@10': 0.1444, 'ndcg@10': 0.0815, 'hit@20': 0.2, 'ndcg@20': 0.0955, 'hit@50': 0.295, 'ndcg@50': 0.1143, 'hit@80': 0.3508, 'ndcg@80': 0.1236} 
2023-11-03 04:28:15.270 | INFO     | trainer:_train_one_epoch:138 - test 61 cost time 21.77s, result: {'hit@10': 0.119, 'ndcg@10': 0.0664, 'hit@20': 0.1664, 'ndcg@20': 0.0783, 'hit@50': 0.2492, 'ndcg@50': 0.0947, 'hit@80': 0.3025, 'ndcg@80': 0.1035} 
2023-11-03 04:43:21.937 | INFO     | trainer:_train_one_epoch:119 - epoch 62 906.66s Train loss is [0.0513] 
2023-11-03 04:43:45.390 | INFO     | trainer:_train_one_epoch:129 - validate 62 cost time 23.45s, result: {'hit@10': 0.1445, 'ndcg@10': 0.0819, 'hit@20': 0.2008, 'ndcg@20': 0.096, 'hit@50': 0.294, 'ndcg@50': 0.1145, 'hit@80': 0.35, 'ndcg@80': 0.1238} 
2023-11-03 04:44:07.246 | INFO     | trainer:_train_one_epoch:138 - test 62 cost time 21.85s, result: {'hit@10': 0.1189, 'ndcg@10': 0.0663, 'hit@20': 0.1651, 'ndcg@20': 0.078, 'hit@50': 0.2515, 'ndcg@50': 0.0951, 'hit@80': 0.3037, 'ndcg@80': 0.1037} 
2023-11-03 04:59:08.989 | INFO     | trainer:_train_one_epoch:119 - epoch 63 901.74s Train loss is [0.0511] 
2023-11-03 04:59:32.073 | INFO     | trainer:_train_one_epoch:129 - validate 63 cost time 23.08s, result: {'hit@10': 0.1452, 'ndcg@10': 0.0822, 'hit@20': 0.201, 'ndcg@20': 0.0962, 'hit@50': 0.2954, 'ndcg@50': 0.1149, 'hit@80': 0.3511, 'ndcg@80': 0.1242} 
2023-11-03 04:59:53.539 | INFO     | trainer:_train_one_epoch:138 - test 63 cost time 21.46s, result: {'hit@10': 0.1193, 'ndcg@10': 0.0668, 'hit@20': 0.1662, 'ndcg@20': 0.0786, 'hit@50': 0.2514, 'ndcg@50': 0.0955, 'hit@80': 0.3049, 'ndcg@80': 0.1044} 
2023-11-03 05:14:57.551 | INFO     | trainer:_train_one_epoch:119 - epoch 64 904.01s Train loss is [0.0508] 
2023-11-03 05:15:20.981 | INFO     | trainer:_train_one_epoch:129 - validate 64 cost time 23.43s, result: {'hit@10': 0.1462, 'ndcg@10': 0.0826, 'hit@20': 0.2004, 'ndcg@20': 0.0963, 'hit@50': 0.295, 'ndcg@50': 0.1151, 'hit@80': 0.352, 'ndcg@80': 0.1245} 
2023-11-03 05:15:42.726 | INFO     | trainer:_train_one_epoch:138 - test 64 cost time 21.74s, result: {'hit@10': 0.1204, 'ndcg@10': 0.067, 'hit@20': 0.1676, 'ndcg@20': 0.0788, 'hit@50': 0.2526, 'ndcg@50': 0.0957, 'hit@80': 0.3067, 'ndcg@80': 0.1047} 
2023-11-03 05:30:42.303 | INFO     | trainer:_train_one_epoch:119 - epoch 65 899.58s Train loss is [0.0503] 
2023-11-03 05:31:08.142 | INFO     | trainer:_train_one_epoch:129 - validate 65 cost time 25.84s, result: {'hit@10': 0.146, 'ndcg@10': 0.0821, 'hit@20': 0.2011, 'ndcg@20': 0.096, 'hit@50': 0.2966, 'ndcg@50': 0.115, 'hit@80': 0.3527, 'ndcg@80': 0.1243} 
2023-11-03 05:31:31.891 | INFO     | trainer:_train_one_epoch:138 - test 65 cost time 23.75s, result: {'hit@10': 0.1212, 'ndcg@10': 0.0675, 'hit@20': 0.1686, 'ndcg@20': 0.0795, 'hit@50': 0.2539, 'ndcg@50': 0.0963, 'hit@80': 0.3075, 'ndcg@80': 0.1052} 
2023-11-03 05:46:23.517 | INFO     | trainer:_train_one_epoch:119 - epoch 66 891.62s Train loss is [0.0501] 
2023-11-03 05:46:47.107 | INFO     | trainer:_train_one_epoch:129 - validate 66 cost time 23.59s, result: {'hit@10': 0.1461, 'ndcg@10': 0.0821, 'hit@20': 0.2027, 'ndcg@20': 0.0964, 'hit@50': 0.2967, 'ndcg@50': 0.115, 'hit@80': 0.3546, 'ndcg@80': 0.1246} 
2023-11-03 05:47:08.869 | INFO     | trainer:_train_one_epoch:138 - test 66 cost time 21.76s, result: {'hit@10': 0.1215, 'ndcg@10': 0.0675, 'hit@20': 0.1692, 'ndcg@20': 0.0795, 'hit@50': 0.2539, 'ndcg@50': 0.0963, 'hit@80': 0.3084, 'ndcg@80': 0.1054} 
2023-11-03 06:02:12.042 | INFO     | trainer:_train_one_epoch:119 - epoch 67 898.53s Train loss is [0.0498] 
2023-11-03 06:02:35.064 | INFO     | trainer:_train_one_epoch:129 - validate 67 cost time 23.02s, result: {'hit@10': 0.1458, 'ndcg@10': 0.0823, 'hit@20': 0.2029, 'ndcg@20': 0.0966, 'hit@50': 0.2965, 'ndcg@50': 0.1152, 'hit@80': 0.3538, 'ndcg@80': 0.1247} 
2023-11-03 06:02:56.506 | INFO     | trainer:_train_one_epoch:138 - test 67 cost time 21.44s, result: {'hit@10': 0.1218, 'ndcg@10': 0.068, 'hit@20': 0.1698, 'ndcg@20': 0.0801, 'hit@50': 0.2546, 'ndcg@50': 0.0968, 'hit@80': 0.3098, 'ndcg@80': 0.106} 
2023-11-03 06:18:02.628 | INFO     | trainer:_train_one_epoch:119 - epoch 68 900.89s Train loss is [0.0495] 
2023-11-03 06:18:26.104 | INFO     | trainer:_train_one_epoch:129 - validate 68 cost time 23.48s, result: {'hit@10': 0.1471, 'ndcg@10': 0.0828, 'hit@20': 0.2026, 'ndcg@20': 0.0968, 'hit@50': 0.2977, 'ndcg@50': 0.1156, 'hit@80': 0.3557, 'ndcg@80': 0.1253} 
2023-11-03 06:18:47.954 | INFO     | trainer:_train_one_epoch:138 - test 68 cost time 21.85s, result: {'hit@10': 0.1217, 'ndcg@10': 0.0678, 'hit@20': 0.1696, 'ndcg@20': 0.0799, 'hit@50': 0.2555, 'ndcg@50': 0.0969, 'hit@80': 0.3099, 'ndcg@80': 0.1059} 
2023-11-03 06:33:48.975 | INFO     | trainer:_train_one_epoch:119 - epoch 69 901.02s Train loss is [0.0493] 
2023-11-03 06:34:12.351 | INFO     | trainer:_train_one_epoch:129 - validate 69 cost time 23.38s, result: {'hit@10': 0.1479, 'ndcg@10': 0.0833, 'hit@20': 0.2035, 'ndcg@20': 0.0973, 'hit@50': 0.2983, 'ndcg@50': 0.1161, 'hit@80': 0.3556, 'ndcg@80': 0.1256} 
2023-11-03 06:34:34.265 | INFO     | trainer:_train_one_epoch:138 - test 69 cost time 21.91s, result: {'hit@10': 0.122, 'ndcg@10': 0.0679, 'hit@20': 0.1706, 'ndcg@20': 0.0801, 'hit@50': 0.2551, 'ndcg@50': 0.0968, 'hit@80': 0.3099, 'ndcg@80': 0.1059} 
2023-11-03 06:49:34.597 | INFO     | trainer:_train_one_epoch:119 - epoch 70 895.67s Train loss is [0.0489] 
2023-11-03 06:49:58.326 | INFO     | trainer:_train_one_epoch:129 - validate 70 cost time 23.73s, result: {'hit@10': 0.1481, 'ndcg@10': 0.0837, 'hit@20': 0.203, 'ndcg@20': 0.0975, 'hit@50': 0.2997, 'ndcg@50': 0.1166, 'hit@80': 0.3568, 'ndcg@80': 0.1261} 
2023-11-03 06:50:20.078 | INFO     | trainer:_train_one_epoch:138 - test 70 cost time 21.75s, result: {'hit@10': 0.1225, 'ndcg@10': 0.0679, 'hit@20': 0.1709, 'ndcg@20': 0.0801, 'hit@50': 0.2578, 'ndcg@50': 0.0974, 'hit@80': 0.3106, 'ndcg@80': 0.1061} 
2023-11-03 07:05:10.543 | INFO     | trainer:_train_one_epoch:119 - epoch 71 890.46s Train loss is [0.0489] 
2023-11-03 07:05:36.027 | INFO     | trainer:_train_one_epoch:129 - validate 71 cost time 25.48s, result: {'hit@10': 0.1472, 'ndcg@10': 0.0835, 'hit@20': 0.2038, 'ndcg@20': 0.0978, 'hit@50': 0.2995, 'ndcg@50': 0.1168, 'hit@80': 0.3563, 'ndcg@80': 0.1262} 
2023-11-03 07:05:59.729 | INFO     | trainer:_train_one_epoch:138 - test 71 cost time 23.70s, result: {'hit@10': 0.1224, 'ndcg@10': 0.0682, 'hit@20': 0.1715, 'ndcg@20': 0.0806, 'hit@50': 0.2582, 'ndcg@50': 0.0978, 'hit@80': 0.3117, 'ndcg@80': 0.1066} 
2023-11-03 07:21:03.555 | INFO     | trainer:_train_one_epoch:119 - epoch 72 898.73s Train loss is [0.0485] 
2023-11-03 07:21:26.789 | INFO     | trainer:_train_one_epoch:129 - validate 72 cost time 23.23s, result: {'hit@10': 0.1473, 'ndcg@10': 0.0831, 'hit@20': 0.204, 'ndcg@20': 0.0974, 'hit@50': 0.299, 'ndcg@50': 0.1162, 'hit@80': 0.3574, 'ndcg@80': 0.1259} 
2023-11-03 07:21:48.470 | INFO     | trainer:_train_one_epoch:138 - test 72 cost time 21.68s, result: {'hit@10': 0.122, 'ndcg@10': 0.068, 'hit@20': 0.1717, 'ndcg@20': 0.0805, 'hit@50': 0.2594, 'ndcg@50': 0.0979, 'hit@80': 0.312, 'ndcg@80': 0.1066} 
2023-11-03 07:36:38.544 | INFO     | trainer:_train_one_epoch:119 - epoch 73 885.46s Train loss is [0.0483] 
2023-11-03 07:37:02.269 | INFO     | trainer:_train_one_epoch:129 - validate 73 cost time 23.72s, result: {'hit@10': 0.1474, 'ndcg@10': 0.0834, 'hit@20': 0.2045, 'ndcg@20': 0.0978, 'hit@50': 0.2984, 'ndcg@50': 0.1163, 'hit@80': 0.3565, 'ndcg@80': 0.126} 
2023-11-03 07:37:24.212 | INFO     | trainer:_train_one_epoch:138 - test 73 cost time 21.94s, result: {'hit@10': 0.1225, 'ndcg@10': 0.0685, 'hit@20': 0.1717, 'ndcg@20': 0.0809, 'hit@50': 0.2595, 'ndcg@50': 0.0982, 'hit@80': 0.3118, 'ndcg@80': 0.1069} 
2023-11-03 07:52:39.847 | INFO     | trainer:_train_one_epoch:119 - epoch 74 909.89s Train loss is [0.0480] 
2023-11-03 07:53:02.956 | INFO     | trainer:_train_one_epoch:129 - validate 74 cost time 23.11s, result: {'hit@10': 0.1475, 'ndcg@10': 0.0835, 'hit@20': 0.2041, 'ndcg@20': 0.0977, 'hit@50': 0.2995, 'ndcg@50': 0.1166, 'hit@80': 0.3563, 'ndcg@80': 0.1261} 
2023-11-03 07:53:24.445 | INFO     | trainer:_train_one_epoch:138 - test 74 cost time 21.49s, result: {'hit@10': 0.122, 'ndcg@10': 0.0683, 'hit@20': 0.1728, 'ndcg@20': 0.0811, 'hit@50': 0.2594, 'ndcg@50': 0.0982, 'hit@80': 0.3135, 'ndcg@80': 0.1072} 
2023-11-03 08:08:20.225 | INFO     | trainer:_train_one_epoch:119 - epoch 75 895.78s Train loss is [0.0477] 
2023-11-03 08:08:43.593 | INFO     | trainer:_train_one_epoch:129 - validate 75 cost time 23.37s, result: {'hit@10': 0.1489, 'ndcg@10': 0.0837, 'hit@20': 0.2051, 'ndcg@20': 0.0979, 'hit@50': 0.2992, 'ndcg@50': 0.1165, 'hit@80': 0.357, 'ndcg@80': 0.1261} 
2023-11-03 08:09:05.326 | INFO     | trainer:_train_one_epoch:138 - test 75 cost time 21.73s, result: {'hit@10': 0.123, 'ndcg@10': 0.0686, 'hit@20': 0.1732, 'ndcg@20': 0.0812, 'hit@50': 0.2606, 'ndcg@50': 0.0985, 'hit@80': 0.3138, 'ndcg@80': 0.1073} 
2023-11-03 08:24:08.632 | INFO     | trainer:_train_one_epoch:119 - epoch 76 898.63s Train loss is [0.0474] 
2023-11-03 08:24:34.753 | INFO     | trainer:_train_one_epoch:129 - validate 76 cost time 26.12s, result: {'hit@10': 0.1494, 'ndcg@10': 0.0838, 'hit@20': 0.2053, 'ndcg@20': 0.0979, 'hit@50': 0.2994, 'ndcg@50': 0.1165, 'hit@80': 0.3578, 'ndcg@80': 0.1262} 
2023-11-03 08:24:58.511 | INFO     | trainer:_train_one_epoch:138 - test 76 cost time 23.76s, result: {'hit@10': 0.1235, 'ndcg@10': 0.0688, 'hit@20': 0.1727, 'ndcg@20': 0.0811, 'hit@50': 0.2611, 'ndcg@50': 0.0986, 'hit@80': 0.3144, 'ndcg@80': 0.1075} 
2023-11-03 08:39:56.464 | INFO     | trainer:_train_one_epoch:119 - epoch 77 891.70s Train loss is [0.0473] 
2023-11-03 08:40:20.163 | INFO     | trainer:_train_one_epoch:129 - validate 77 cost time 23.70s, result: {'hit@10': 0.149, 'ndcg@10': 0.0838, 'hit@20': 0.2057, 'ndcg@20': 0.0982, 'hit@50': 0.3, 'ndcg@50': 0.1168, 'hit@80': 0.3571, 'ndcg@80': 0.1263} 
2023-11-03 08:40:42.025 | INFO     | trainer:_train_one_epoch:138 - test 77 cost time 21.86s, result: {'hit@10': 0.1239, 'ndcg@10': 0.0688, 'hit@20': 0.1739, 'ndcg@20': 0.0814, 'hit@50': 0.2616, 'ndcg@50': 0.0987, 'hit@80': 0.3162, 'ndcg@80': 0.1078} 
2023-11-03 08:55:33.895 | INFO     | trainer:_train_one_epoch:119 - epoch 78 887.19s Train loss is [0.0471] 
2023-11-03 08:55:57.436 | INFO     | trainer:_train_one_epoch:129 - validate 78 cost time 23.54s, result: {'hit@10': 0.149, 'ndcg@10': 0.0842, 'hit@20': 0.2055, 'ndcg@20': 0.0984, 'hit@50': 0.3015, 'ndcg@50': 0.1174, 'hit@80': 0.3587, 'ndcg@80': 0.1269} 
2023-11-03 08:56:19.331 | INFO     | trainer:_train_one_epoch:138 - test 78 cost time 21.89s, result: {'hit@10': 0.1237, 'ndcg@10': 0.0687, 'hit@20': 0.1742, 'ndcg@20': 0.0814, 'hit@50': 0.2616, 'ndcg@50': 0.0987, 'hit@80': 0.3159, 'ndcg@80': 0.1077} 
2023-11-03 09:11:20.557 | INFO     | trainer:_train_one_epoch:119 - epoch 79 901.22s Train loss is [0.0468] 
2023-11-03 09:11:44.046 | INFO     | trainer:_train_one_epoch:129 - validate 79 cost time 23.49s, result: {'hit@10': 0.149, 'ndcg@10': 0.0843, 'hit@20': 0.2065, 'ndcg@20': 0.0988, 'hit@50': 0.3009, 'ndcg@50': 0.1175, 'hit@80': 0.3584, 'ndcg@80': 0.127} 
2023-11-03 09:12:05.622 | INFO     | trainer:_train_one_epoch:138 - test 79 cost time 21.57s, result: {'hit@10': 0.1244, 'ndcg@10': 0.0692, 'hit@20': 0.1747, 'ndcg@20': 0.0818, 'hit@50': 0.2616, 'ndcg@50': 0.099, 'hit@80': 0.3154, 'ndcg@80': 0.108} 
2023-11-03 09:27:13.352 | INFO     | trainer:_train_one_epoch:119 - epoch 80 903.13s Train loss is [0.0466] 
2023-11-03 09:27:36.801 | INFO     | trainer:_train_one_epoch:129 - validate 80 cost time 23.45s, result: {'hit@10': 0.1493, 'ndcg@10': 0.0843, 'hit@20': 0.2063, 'ndcg@20': 0.0987, 'hit@50': 0.3024, 'ndcg@50': 0.1177, 'hit@80': 0.3582, 'ndcg@80': 0.127} 
2023-11-03 09:27:58.580 | INFO     | trainer:_train_one_epoch:138 - test 80 cost time 21.78s, result: {'hit@10': 0.1236, 'ndcg@10': 0.069, 'hit@20': 0.1744, 'ndcg@20': 0.0818, 'hit@50': 0.262, 'ndcg@50': 0.0991, 'hit@80': 0.3155, 'ndcg@80': 0.108} 
2023-11-03 09:42:51.685 | INFO     | trainer:_train_one_epoch:119 - epoch 81 893.10s Train loss is [0.0463] 
2023-11-03 09:43:14.881 | INFO     | trainer:_train_one_epoch:129 - validate 81 cost time 23.19s, result: {'hit@10': 0.1502, 'ndcg@10': 0.085, 'hit@20': 0.208, 'ndcg@20': 0.0995, 'hit@50': 0.3021, 'ndcg@50': 0.1181, 'hit@80': 0.3595, 'ndcg@80': 0.1277} 
2023-11-03 09:43:36.436 | INFO     | trainer:_train_one_epoch:138 - test 81 cost time 21.55s, result: {'hit@10': 0.124, 'ndcg@10': 0.0692, 'hit@20': 0.1746, 'ndcg@20': 0.082, 'hit@50': 0.2607, 'ndcg@50': 0.099, 'hit@80': 0.3154, 'ndcg@80': 0.1081} 
2023-11-03 09:58:45.372 | INFO     | trainer:_train_one_epoch:119 - epoch 82 903.89s Train loss is [0.0463] 
2023-11-03 09:59:08.878 | INFO     | trainer:_train_one_epoch:129 - validate 82 cost time 23.51s, result: {'hit@10': 0.1494, 'ndcg@10': 0.0845, 'hit@20': 0.2077, 'ndcg@20': 0.0992, 'hit@50': 0.3027, 'ndcg@50': 0.118, 'hit@80': 0.36, 'ndcg@80': 0.1275} 
2023-11-03 09:59:30.691 | INFO     | trainer:_train_one_epoch:138 - test 82 cost time 21.81s, result: {'hit@10': 0.1234, 'ndcg@10': 0.0692, 'hit@20': 0.1757, 'ndcg@20': 0.0823, 'hit@50': 0.2619, 'ndcg@50': 0.0994, 'hit@80': 0.316, 'ndcg@80': 0.1084} 
2023-11-03 10:14:23.051 | INFO     | trainer:_train_one_epoch:119 - epoch 83 892.36s Train loss is [0.0461] 
2023-11-03 10:14:46.580 | INFO     | trainer:_train_one_epoch:129 - validate 83 cost time 23.53s, result: {'hit@10': 0.1503, 'ndcg@10': 0.0848, 'hit@20': 0.2072, 'ndcg@20': 0.0992, 'hit@50': 0.3041, 'ndcg@50': 0.1184, 'hit@80': 0.3605, 'ndcg@80': 0.1277} 
2023-11-03 10:15:08.416 | INFO     | trainer:_train_one_epoch:138 - test 83 cost time 21.83s, result: {'hit@10': 0.1253, 'ndcg@10': 0.07, 'hit@20': 0.1765, 'ndcg@20': 0.0828, 'hit@50': 0.2629, 'ndcg@50': 0.0999, 'hit@80': 0.317, 'ndcg@80': 0.1089} 
2023-11-03 10:30:07.916 | INFO     | trainer:_train_one_epoch:119 - epoch 84 899.50s Train loss is [0.0458] 
2023-11-03 10:30:31.492 | INFO     | trainer:_train_one_epoch:129 - validate 84 cost time 23.57s, result: {'hit@10': 0.1505, 'ndcg@10': 0.0847, 'hit@20': 0.2079, 'ndcg@20': 0.0992, 'hit@50': 0.3043, 'ndcg@50': 0.1183, 'hit@80': 0.3598, 'ndcg@80': 0.1275} 
2023-11-03 10:30:53.068 | INFO     | trainer:_train_one_epoch:138 - test 84 cost time 21.57s, result: {'hit@10': 0.125, 'ndcg@10': 0.0698, 'hit@20': 0.1775, 'ndcg@20': 0.0831, 'hit@50': 0.2633, 'ndcg@50': 0.1, 'hit@80': 0.317, 'ndcg@80': 0.1089} 
2023-11-03 10:45:44.807 | INFO     | trainer:_train_one_epoch:119 - epoch 85 891.74s Train loss is [0.0455] 
2023-11-03 10:46:08.499 | INFO     | trainer:_train_one_epoch:129 - validate 85 cost time 23.69s, result: {'hit@10': 0.1507, 'ndcg@10': 0.0851, 'hit@20': 0.208, 'ndcg@20': 0.0996, 'hit@50': 0.3041, 'ndcg@50': 0.1186, 'hit@80': 0.3608, 'ndcg@80': 0.128} 
2023-11-03 10:46:30.314 | INFO     | trainer:_train_one_epoch:138 - test 85 cost time 21.81s, result: {'hit@10': 0.1254, 'ndcg@10': 0.0702, 'hit@20': 0.1768, 'ndcg@20': 0.0831, 'hit@50': 0.2629, 'ndcg@50': 0.1001, 'hit@80': 0.3168, 'ndcg@80': 0.1091} 
2023-11-03 11:01:35.464 | INFO     | trainer:_train_one_epoch:119 - epoch 86 905.15s Train loss is [0.0454] 
2023-11-03 11:01:58.822 | INFO     | trainer:_train_one_epoch:129 - validate 86 cost time 23.36s, result: {'hit@10': 0.1521, 'ndcg@10': 0.086, 'hit@20': 0.2087, 'ndcg@20': 0.1002, 'hit@50': 0.3042, 'ndcg@50': 0.1191, 'hit@80': 0.361, 'ndcg@80': 0.1286} 
2023-11-03 11:02:20.523 | INFO     | trainer:_train_one_epoch:138 - test 86 cost time 21.70s, result: {'hit@10': 0.1253, 'ndcg@10': 0.0701, 'hit@20': 0.1781, 'ndcg@20': 0.0834, 'hit@50': 0.2644, 'ndcg@50': 0.1004, 'hit@80': 0.3175, 'ndcg@80': 0.1093} 
2023-11-03 11:17:25.571 | INFO     | trainer:_train_one_epoch:119 - epoch 87 899.97s Train loss is [0.0452] 
2023-11-03 11:17:48.903 | INFO     | trainer:_train_one_epoch:129 - validate 87 cost time 23.33s, result: {'hit@10': 0.1503, 'ndcg@10': 0.0852, 'hit@20': 0.2074, 'ndcg@20': 0.0996, 'hit@50': 0.3043, 'ndcg@50': 0.1187, 'hit@80': 0.3632, 'ndcg@80': 0.1285} 
2023-11-03 11:18:10.639 | INFO     | trainer:_train_one_epoch:138 - test 87 cost time 21.73s, result: {'hit@10': 0.1255, 'ndcg@10': 0.07, 'hit@20': 0.177, 'ndcg@20': 0.0829, 'hit@50': 0.2642, 'ndcg@50': 0.1002, 'hit@80': 0.3174, 'ndcg@80': 0.109} 
2023-11-03 11:33:10.159 | INFO     | trainer:_train_one_epoch:119 - epoch 88 899.52s Train loss is [0.0452] 
2023-11-03 11:33:33.668 | INFO     | trainer:_train_one_epoch:129 - validate 88 cost time 23.51s, result: {'hit@10': 0.151, 'ndcg@10': 0.0858, 'hit@20': 0.2095, 'ndcg@20': 0.1005, 'hit@50': 0.3054, 'ndcg@50': 0.1194, 'hit@80': 0.3635, 'ndcg@80': 0.1291} 
2023-11-03 11:33:55.513 | INFO     | trainer:_train_one_epoch:138 - test 88 cost time 21.84s, result: {'hit@10': 0.1258, 'ndcg@10': 0.0698, 'hit@20': 0.1766, 'ndcg@20': 0.0826, 'hit@50': 0.2652, 'ndcg@50': 0.1001, 'hit@80': 0.3195, 'ndcg@80': 0.1091} 
2023-11-03 11:49:00.419 | INFO     | trainer:_train_one_epoch:119 - epoch 89 899.45s Train loss is [0.0448] 
2023-11-03 11:49:23.837 | INFO     | trainer:_train_one_epoch:129 - validate 89 cost time 23.42s, result: {'hit@10': 0.151, 'ndcg@10': 0.0856, 'hit@20': 0.2073, 'ndcg@20': 0.0998, 'hit@50': 0.3043, 'ndcg@50': 0.119, 'hit@80': 0.3633, 'ndcg@80': 0.1288} 
2023-11-03 11:49:45.611 | INFO     | trainer:_train_one_epoch:138 - test 89 cost time 21.77s, result: {'hit@10': 0.1263, 'ndcg@10': 0.07, 'hit@20': 0.1774, 'ndcg@20': 0.0829, 'hit@50': 0.2649, 'ndcg@50': 0.1002, 'hit@80': 0.3194, 'ndcg@80': 0.1093} 
2023-11-03 12:04:45.355 | INFO     | trainer:_train_one_epoch:119 - epoch 90 899.74s Train loss is [0.0446] 
2023-11-03 12:05:10.856 | INFO     | trainer:_train_one_epoch:129 - validate 90 cost time 25.50s, result: {'hit@10': 0.1504, 'ndcg@10': 0.085, 'hit@20': 0.208, 'ndcg@20': 0.0996, 'hit@50': 0.3049, 'ndcg@50': 0.1188, 'hit@80': 0.3638, 'ndcg@80': 0.1285} 
2023-11-03 12:05:34.690 | INFO     | trainer:_train_one_epoch:138 - test 90 cost time 23.83s, result: {'hit@10': 0.1257, 'ndcg@10': 0.0702, 'hit@20': 0.1781, 'ndcg@20': 0.0834, 'hit@50': 0.2656, 'ndcg@50': 0.1007, 'hit@80': 0.3194, 'ndcg@80': 0.1096} 
2023-11-03 12:20:26.640 | INFO     | trainer:_train_one_epoch:119 - epoch 91 891.95s Train loss is [0.0444] 
2023-11-03 12:20:50.315 | INFO     | trainer:_train_one_epoch:129 - validate 91 cost time 23.67s, result: {'hit@10': 0.1508, 'ndcg@10': 0.0855, 'hit@20': 0.209, 'ndcg@20': 0.1002, 'hit@50': 0.3051, 'ndcg@50': 0.1192, 'hit@80': 0.3634, 'ndcg@80': 0.1289} 
2023-11-03 12:21:12.082 | INFO     | trainer:_train_one_epoch:138 - test 91 cost time 21.77s, result: {'hit@10': 0.1257, 'ndcg@10': 0.0701, 'hit@20': 0.1778, 'ndcg@20': 0.0832, 'hit@50': 0.266, 'ndcg@50': 0.1007, 'hit@80': 0.3196, 'ndcg@80': 0.1096} 
2023-11-03 12:35:58.890 | INFO     | trainer:_train_one_epoch:119 - epoch 92 886.80s Train loss is [0.0442] 
2023-11-03 12:36:22.425 | INFO     | trainer:_train_one_epoch:129 - validate 92 cost time 23.53s, result: {'hit@10': 0.1516, 'ndcg@10': 0.0859, 'hit@20': 0.2092, 'ndcg@20': 0.1004, 'hit@50': 0.306, 'ndcg@50': 0.1196, 'hit@80': 0.3643, 'ndcg@80': 0.1292} 
2023-11-03 12:36:44.124 | INFO     | trainer:_train_one_epoch:138 - test 92 cost time 21.70s, result: {'hit@10': 0.1265, 'ndcg@10': 0.0704, 'hit@20': 0.1779, 'ndcg@20': 0.0833, 'hit@50': 0.2663, 'ndcg@50': 0.1008, 'hit@80': 0.3197, 'ndcg@80': 0.1097} 
2023-11-03 12:51:43.476 | INFO     | trainer:_train_one_epoch:119 - epoch 93 899.35s Train loss is [0.0441] 
2023-11-03 12:52:06.894 | INFO     | trainer:_train_one_epoch:129 - validate 93 cost time 23.42s, result: {'hit@10': 0.1512, 'ndcg@10': 0.0854, 'hit@20': 0.2107, 'ndcg@20': 0.1004, 'hit@50': 0.305, 'ndcg@50': 0.1191, 'hit@80': 0.3643, 'ndcg@80': 0.1289} 
2023-11-03 12:52:28.589 | INFO     | trainer:_train_one_epoch:138 - test 93 cost time 21.69s, result: {'hit@10': 0.1255, 'ndcg@10': 0.0702, 'hit@20': 0.1777, 'ndcg@20': 0.0833, 'hit@50': 0.2657, 'ndcg@50': 0.1007, 'hit@80': 0.3205, 'ndcg@80': 0.1099} 
2023-11-03 13:07:19.451 | INFO     | trainer:_train_one_epoch:119 - epoch 94 885.68s Train loss is [0.0439] 
2023-11-03 13:07:45.459 | INFO     | trainer:_train_one_epoch:129 - validate 94 cost time 26.01s, result: {'hit@10': 0.1516, 'ndcg@10': 0.0853, 'hit@20': 0.2098, 'ndcg@20': 0.1, 'hit@50': 0.3064, 'ndcg@50': 0.1191, 'hit@80': 0.3651, 'ndcg@80': 0.1289} 
2023-11-03 13:08:09.271 | INFO     | trainer:_train_one_epoch:138 - test 94 cost time 23.81s, result: {'hit@10': 0.1263, 'ndcg@10': 0.0704, 'hit@20': 0.1789, 'ndcg@20': 0.0836, 'hit@50': 0.2661, 'ndcg@50': 0.1008, 'hit@80': 0.3209, 'ndcg@80': 0.11} 
2023-11-03 13:22:56.483 | INFO     | trainer:_train_one_epoch:119 - epoch 95 887.21s Train loss is [0.0436] 
2023-11-03 13:23:20.092 | INFO     | trainer:_train_one_epoch:129 - validate 95 cost time 23.61s, result: {'hit@10': 0.1515, 'ndcg@10': 0.0855, 'hit@20': 0.2104, 'ndcg@20': 0.1003, 'hit@50': 0.3068, 'ndcg@50': 0.1194, 'hit@80': 0.3658, 'ndcg@80': 0.1292} 
2023-11-03 13:23:41.641 | INFO     | trainer:_train_one_epoch:138 - test 95 cost time 21.55s, result: {'hit@10': 0.1264, 'ndcg@10': 0.0704, 'hit@20': 0.1786, 'ndcg@20': 0.0835, 'hit@50': 0.2665, 'ndcg@50': 0.1009, 'hit@80': 0.3213, 'ndcg@80': 0.11} 
2023-11-03 13:38:35.051 | INFO     | trainer:_train_one_epoch:119 - epoch 96 893.41s Train loss is [0.0435] 
2023-11-03 13:38:58.201 | INFO     | trainer:_train_one_epoch:129 - validate 96 cost time 23.15s, result: {'hit@10': 0.1514, 'ndcg@10': 0.0857, 'hit@20': 0.2107, 'ndcg@20': 0.1006, 'hit@50': 0.3079, 'ndcg@50': 0.1198, 'hit@80': 0.3668, 'ndcg@80': 0.1296} 
2023-11-03 13:39:19.613 | INFO     | trainer:_train_one_epoch:138 - test 96 cost time 21.41s, result: {'hit@10': 0.1269, 'ndcg@10': 0.0703, 'hit@20': 0.1784, 'ndcg@20': 0.0833, 'hit@50': 0.2665, 'ndcg@50': 0.1007, 'hit@80': 0.3206, 'ndcg@80': 0.1097} 
2023-11-03 13:54:05.484 | INFO     | trainer:_train_one_epoch:119 - epoch 97 885.87s Train loss is [0.0434] 
2023-11-03 13:54:28.904 | INFO     | trainer:_train_one_epoch:129 - validate 97 cost time 23.42s, result: {'hit@10': 0.1515, 'ndcg@10': 0.0854, 'hit@20': 0.2096, 'ndcg@20': 0.1001, 'hit@50': 0.3076, 'ndcg@50': 0.1195, 'hit@80': 0.3669, 'ndcg@80': 0.1294} 
2023-11-03 13:54:50.585 | INFO     | trainer:_train_one_epoch:138 - test 97 cost time 21.68s, result: {'hit@10': 0.1273, 'ndcg@10': 0.0707, 'hit@20': 0.1793, 'ndcg@20': 0.0838, 'hit@50': 0.2673, 'ndcg@50': 0.1012, 'hit@80': 0.3207, 'ndcg@80': 0.1101} 
2023-11-03 14:09:37.527 | INFO     | trainer:_train_one_epoch:119 - epoch 98 886.94s Train loss is [0.0433] 
2023-11-03 14:10:04.059 | INFO     | trainer:_train_one_epoch:129 - validate 98 cost time 26.53s, result: {'hit@10': 0.1521, 'ndcg@10': 0.0855, 'hit@20': 0.2107, 'ndcg@20': 0.1003, 'hit@50': 0.3084, 'ndcg@50': 0.1196, 'hit@80': 0.3667, 'ndcg@80': 0.1293} 
2023-11-03 14:10:27.839 | INFO     | trainer:_train_one_epoch:138 - test 98 cost time 23.78s, result: {'hit@10': 0.1279, 'ndcg@10': 0.0711, 'hit@20': 0.1799, 'ndcg@20': 0.0842, 'hit@50': 0.2678, 'ndcg@50': 0.1016, 'hit@80': 0.3213, 'ndcg@80': 0.1105} 
2023-11-03 14:25:19.062 | INFO     | trainer:_train_one_epoch:119 - epoch 99 891.22s Train loss is [0.0431] 
2023-11-03 14:25:44.934 | INFO     | trainer:_train_one_epoch:129 - validate 99 cost time 25.87s, result: {'hit@10': 0.1513, 'ndcg@10': 0.0855, 'hit@20': 0.2104, 'ndcg@20': 0.1004, 'hit@50': 0.3081, 'ndcg@50': 0.1197, 'hit@80': 0.3672, 'ndcg@80': 0.1295} 
2023-11-03 14:26:08.748 | INFO     | trainer:_train_one_epoch:138 - test 99 cost time 23.81s, result: {'hit@10': 0.1268, 'ndcg@10': 0.0708, 'hit@20': 0.1796, 'ndcg@20': 0.0841, 'hit@50': 0.2677, 'ndcg@50': 0.1015, 'hit@80': 0.3218, 'ndcg@80': 0.1105} 
2023-11-03 14:40:55.140 | INFO     | trainer:_train_one_epoch:119 - epoch 100 886.39s Train loss is [0.0431] 
2023-11-03 14:41:18.167 | INFO     | trainer:_train_one_epoch:129 - validate 100 cost time 23.03s, result: {'hit@10': 0.1519, 'ndcg@10': 0.0859, 'hit@20': 0.2106, 'ndcg@20': 0.1006, 'hit@50': 0.3086, 'ndcg@50': 0.12, 'hit@80': 0.3671, 'ndcg@80': 0.1297} 
2023-11-03 14:41:39.648 | INFO     | trainer:_train_one_epoch:138 - test 100 cost time 21.48s, result: {'hit@10': 0.1274, 'ndcg@10': 0.071, 'hit@20': 0.1792, 'ndcg@20': 0.084, 'hit@50': 0.2681, 'ndcg@50': 0.1016, 'hit@80': 0.3229, 'ndcg@80': 0.1107} 
2023-11-03 14:56:38.956 | INFO     | trainer:_train_one_epoch:119 - epoch 101 899.31s Train loss is [0.0428] 
2023-11-03 14:57:02.288 | INFO     | trainer:_train_one_epoch:129 - validate 101 cost time 23.33s, result: {'hit@10': 0.1513, 'ndcg@10': 0.0855, 'hit@20': 0.2112, 'ndcg@20': 0.1006, 'hit@50': 0.3083, 'ndcg@50': 0.1197, 'hit@80': 0.3671, 'ndcg@80': 0.1295} 
2023-11-03 14:57:23.977 | INFO     | trainer:_train_one_epoch:138 - test 101 cost time 21.69s, result: {'hit@10': 0.1268, 'ndcg@10': 0.0709, 'hit@20': 0.1796, 'ndcg@20': 0.0842, 'hit@50': 0.2673, 'ndcg@50': 0.1016, 'hit@80': 0.3225, 'ndcg@80': 0.1107} 
2023-11-03 15:12:30.508 | INFO     | trainer:_train_one_epoch:119 - epoch 102 901.85s Train loss is [0.0427] 
2023-11-03 15:12:53.801 | INFO     | trainer:_train_one_epoch:129 - validate 102 cost time 23.29s, result: {'hit@10': 0.1522, 'ndcg@10': 0.0858, 'hit@20': 0.2108, 'ndcg@20': 0.1006, 'hit@50': 0.3086, 'ndcg@50': 0.12, 'hit@80': 0.3674, 'ndcg@80': 0.1297} 
2023-11-03 15:13:15.288 | INFO     | trainer:_train_one_epoch:138 - test 102 cost time 21.49s, result: {'hit@10': 0.1276, 'ndcg@10': 0.0711, 'hit@20': 0.1797, 'ndcg@20': 0.0842, 'hit@50': 0.268, 'ndcg@50': 0.1017, 'hit@80': 0.3222, 'ndcg@80': 0.1107} 
2023-11-03 15:28:15.873 | INFO     | trainer:_train_one_epoch:119 - epoch 103 900.58s Train loss is [0.0425] 
2023-11-03 15:28:39.628 | INFO     | trainer:_train_one_epoch:129 - validate 103 cost time 23.75s, result: {'hit@10': 0.152, 'ndcg@10': 0.0859, 'hit@20': 0.211, 'ndcg@20': 0.1008, 'hit@50': 0.3084, 'ndcg@50': 0.1201, 'hit@80': 0.3667, 'ndcg@80': 0.1298} 
2023-11-03 15:29:01.670 | INFO     | trainer:_train_one_epoch:138 - test 103 cost time 22.04s, result: {'hit@10': 0.1273, 'ndcg@10': 0.0714, 'hit@20': 0.1801, 'ndcg@20': 0.0847, 'hit@50': 0.269, 'ndcg@50': 0.1022, 'hit@80': 0.3224, 'ndcg@80': 0.1111} 
2023-11-03 15:43:59.085 | INFO     | trainer:_train_one_epoch:119 - epoch 104 897.41s Train loss is [0.0424] 
2023-11-03 15:44:23.751 | INFO     | trainer:_train_one_epoch:129 - validate 104 cost time 24.66s, result: {'hit@10': 0.1519, 'ndcg@10': 0.0859, 'hit@20': 0.2106, 'ndcg@20': 0.1006, 'hit@50': 0.3091, 'ndcg@50': 0.1202, 'hit@80': 0.3667, 'ndcg@80': 0.1298} 
2023-11-03 15:44:47.591 | INFO     | trainer:_train_one_epoch:138 - test 104 cost time 23.84s, result: {'hit@10': 0.127, 'ndcg@10': 0.0711, 'hit@20': 0.179, 'ndcg@20': 0.0842, 'hit@50': 0.2679, 'ndcg@50': 0.1018, 'hit@80': 0.3211, 'ndcg@80': 0.1107} 
2023-11-03 15:59:47.529 | INFO     | trainer:_train_one_epoch:119 - epoch 105 899.94s Train loss is [0.0422] 
2023-11-03 16:00:10.903 | INFO     | trainer:_train_one_epoch:129 - validate 105 cost time 23.37s, result: {'hit@10': 0.1519, 'ndcg@10': 0.086, 'hit@20': 0.21, 'ndcg@20': 0.1007, 'hit@50': 0.3089, 'ndcg@50': 0.1203, 'hit@80': 0.3656, 'ndcg@80': 0.1297} 
2023-11-03 16:00:32.662 | INFO     | trainer:_train_one_epoch:138 - test 105 cost time 21.76s, result: {'hit@10': 0.1262, 'ndcg@10': 0.0707, 'hit@20': 0.1794, 'ndcg@20': 0.0841, 'hit@50': 0.2689, 'ndcg@50': 0.1019, 'hit@80': 0.3213, 'ndcg@80': 0.1106} 
2023-11-03 16:15:29.215 | INFO     | trainer:_train_one_epoch:119 - epoch 106 896.55s Train loss is [0.0420] 
2023-11-03 16:15:52.894 | INFO     | trainer:_train_one_epoch:129 - validate 106 cost time 23.68s, result: {'hit@10': 0.1525, 'ndcg@10': 0.0859, 'hit@20': 0.211, 'ndcg@20': 0.1006, 'hit@50': 0.308, 'ndcg@50': 0.1198, 'hit@80': 0.3661, 'ndcg@80': 0.1295} 
2023-11-03 16:16:14.625 | INFO     | trainer:_train_one_epoch:138 - test 106 cost time 21.73s, result: {'hit@10': 0.1265, 'ndcg@10': 0.0706, 'hit@20': 0.1794, 'ndcg@20': 0.0839, 'hit@50': 0.2686, 'ndcg@50': 0.1016, 'hit@80': 0.3219, 'ndcg@80': 0.1105} 
2023-11-03 16:31:13.617 | INFO     | trainer:_train_one_epoch:119 - epoch 107 898.99s Train loss is [0.0419] 
2023-11-03 16:31:37.244 | INFO     | trainer:_train_one_epoch:129 - validate 107 cost time 23.63s, result: {'hit@10': 0.1525, 'ndcg@10': 0.0862, 'hit@20': 0.2112, 'ndcg@20': 0.1009, 'hit@50': 0.3069, 'ndcg@50': 0.1199, 'hit@80': 0.3654, 'ndcg@80': 0.1296} 
2023-11-03 16:31:59.080 | INFO     | trainer:_train_one_epoch:138 - test 107 cost time 21.83s, result: {'hit@10': 0.1269, 'ndcg@10': 0.0708, 'hit@20': 0.1793, 'ndcg@20': 0.0841, 'hit@50': 0.2685, 'ndcg@50': 0.1017, 'hit@80': 0.3236, 'ndcg@80': 0.1109} 
2023-11-03 16:46:57.441 | INFO     | trainer:_train_one_epoch:119 - epoch 108 898.36s Train loss is [0.0418] 
2023-11-03 16:47:20.721 | INFO     | trainer:_train_one_epoch:129 - validate 108 cost time 23.28s, result: {'hit@10': 0.1528, 'ndcg@10': 0.0863, 'hit@20': 0.2113, 'ndcg@20': 0.1011, 'hit@50': 0.3074, 'ndcg@50': 0.1201, 'hit@80': 0.366, 'ndcg@80': 0.1298} 
2023-11-03 16:47:42.233 | INFO     | trainer:_train_one_epoch:138 - test 108 cost time 21.51s, result: {'hit@10': 0.1276, 'ndcg@10': 0.0712, 'hit@20': 0.1806, 'ndcg@20': 0.0845, 'hit@50': 0.2688, 'ndcg@50': 0.102, 'hit@80': 0.3223, 'ndcg@80': 0.1108} 
2023-11-03 17:02:38.088 | INFO     | trainer:_train_one_epoch:119 - epoch 109 891.21s Train loss is [0.0416] 
2023-11-03 17:03:01.737 | INFO     | trainer:_train_one_epoch:129 - validate 109 cost time 23.65s, result: {'hit@10': 0.1527, 'ndcg@10': 0.0861, 'hit@20': 0.2108, 'ndcg@20': 0.1007, 'hit@50': 0.3083, 'ndcg@50': 0.12, 'hit@80': 0.3674, 'ndcg@80': 0.1298} 
2023-11-03 17:03:23.584 | INFO     | trainer:_train_one_epoch:138 - test 109 cost time 21.85s, result: {'hit@10': 0.1273, 'ndcg@10': 0.0711, 'hit@20': 0.1798, 'ndcg@20': 0.0843, 'hit@50': 0.2688, 'ndcg@50': 0.1019, 'hit@80': 0.3218, 'ndcg@80': 0.1107} 
2023-11-03 17:18:17.284 | INFO     | trainer:_train_one_epoch:119 - epoch 110 893.70s Train loss is [0.0416] 
2023-11-03 17:18:40.571 | INFO     | trainer:_train_one_epoch:129 - validate 110 cost time 23.29s, result: {'hit@10': 0.1526, 'ndcg@10': 0.0863, 'hit@20': 0.2105, 'ndcg@20': 0.1009, 'hit@50': 0.3076, 'ndcg@50': 0.1201, 'hit@80': 0.3673, 'ndcg@80': 0.13} 
2023-11-03 17:19:02.329 | INFO     | trainer:_train_one_epoch:138 - test 110 cost time 21.75s, result: {'hit@10': 0.1283, 'ndcg@10': 0.0714, 'hit@20': 0.1806, 'ndcg@20': 0.0846, 'hit@50': 0.2684, 'ndcg@50': 0.102, 'hit@80': 0.3235, 'ndcg@80': 0.1111} 
2023-11-03 17:34:06.001 | INFO     | trainer:_train_one_epoch:119 - epoch 111 903.67s Train loss is [0.0413] 
2023-11-03 17:34:31.493 | INFO     | trainer:_train_one_epoch:129 - validate 111 cost time 25.49s, result: {'hit@10': 0.1527, 'ndcg@10': 0.0865, 'hit@20': 0.2115, 'ndcg@20': 0.1013, 'hit@50': 0.3088, 'ndcg@50': 0.1206, 'hit@80': 0.3674, 'ndcg@80': 0.1304} 
2023-11-03 17:34:55.265 | INFO     | trainer:_train_one_epoch:138 - test 111 cost time 23.77s, result: {'hit@10': 0.1291, 'ndcg@10': 0.0719, 'hit@20': 0.1812, 'ndcg@20': 0.0851, 'hit@50': 0.2698, 'ndcg@50': 0.1026, 'hit@80': 0.3241, 'ndcg@80': 0.1116} 
2023-11-03 17:50:00.291 | INFO     | trainer:_train_one_epoch:119 - epoch 112 900.46s Train loss is [0.0412] 
2023-11-03 17:50:23.873 | INFO     | trainer:_train_one_epoch:129 - validate 112 cost time 23.58s, result: {'hit@10': 0.1525, 'ndcg@10': 0.0861, 'hit@20': 0.2112, 'ndcg@20': 0.1009, 'hit@50': 0.3092, 'ndcg@50': 0.1203, 'hit@80': 0.3682, 'ndcg@80': 0.1301} 
2023-11-03 17:50:45.657 | INFO     | trainer:_train_one_epoch:138 - test 112 cost time 21.78s, result: {'hit@10': 0.1292, 'ndcg@10': 0.0719, 'hit@20': 0.1812, 'ndcg@20': 0.085, 'hit@50': 0.27, 'ndcg@50': 0.1025, 'hit@80': 0.3248, 'ndcg@80': 0.1116} 
2023-11-03 18:05:43.497 | INFO     | trainer:_train_one_epoch:119 - epoch 113 897.84s Train loss is [0.0412] 
2023-11-03 18:06:09.434 | INFO     | trainer:_train_one_epoch:129 - validate 113 cost time 25.94s, result: {'hit@10': 0.153, 'ndcg@10': 0.0863, 'hit@20': 0.212, 'ndcg@20': 0.1012, 'hit@50': 0.3105, 'ndcg@50': 0.1206, 'hit@80': 0.3686, 'ndcg@80': 0.1303} 
2023-11-03 18:06:33.240 | INFO     | trainer:_train_one_epoch:138 - test 113 cost time 23.80s, result: {'hit@10': 0.1292, 'ndcg@10': 0.0718, 'hit@20': 0.1807, 'ndcg@20': 0.0848, 'hit@50': 0.2703, 'ndcg@50': 0.1025, 'hit@80': 0.3245, 'ndcg@80': 0.1115} 
2023-11-03 18:21:35.248 | INFO     | trainer:_train_one_epoch:119 - epoch 114 897.28s Train loss is [0.0410] 
2023-11-03 18:22:00.718 | INFO     | trainer:_train_one_epoch:129 - validate 114 cost time 25.47s, result: {'hit@10': 0.153, 'ndcg@10': 0.0866, 'hit@20': 0.212, 'ndcg@20': 0.1015, 'hit@50': 0.3097, 'ndcg@50': 0.1208, 'hit@80': 0.3696, 'ndcg@80': 0.1308} 
2023-11-03 18:22:24.527 | INFO     | trainer:_train_one_epoch:138 - test 114 cost time 23.81s, result: {'hit@10': 0.1285, 'ndcg@10': 0.0717, 'hit@20': 0.1811, 'ndcg@20': 0.085, 'hit@50': 0.2701, 'ndcg@50': 0.1026, 'hit@80': 0.3251, 'ndcg@80': 0.1117} 
2023-11-03 18:37:17.890 | INFO     | trainer:_train_one_epoch:119 - epoch 115 893.36s Train loss is [0.0410] 
2023-11-03 18:37:43.243 | INFO     | trainer:_train_one_epoch:129 - validate 115 cost time 25.35s, result: {'hit@10': 0.1524, 'ndcg@10': 0.0862, 'hit@20': 0.2112, 'ndcg@20': 0.101, 'hit@50': 0.3097, 'ndcg@50': 0.1205, 'hit@80': 0.3701, 'ndcg@80': 0.1306} 
2023-11-03 18:38:07.048 | INFO     | trainer:_train_one_epoch:138 - test 115 cost time 23.80s, result: {'hit@10': 0.1288, 'ndcg@10': 0.0716, 'hit@20': 0.1809, 'ndcg@20': 0.0847, 'hit@50': 0.2699, 'ndcg@50': 0.1023, 'hit@80': 0.3247, 'ndcg@80': 0.1115} 
2023-11-03 18:53:00.948 | INFO     | trainer:_train_one_epoch:119 - epoch 116 893.90s Train loss is [0.0407] 
2023-11-03 18:53:27.314 | INFO     | trainer:_train_one_epoch:129 - validate 116 cost time 26.36s, result: {'hit@10': 0.1527, 'ndcg@10': 0.0865, 'hit@20': 0.2122, 'ndcg@20': 0.1014, 'hit@50': 0.3105, 'ndcg@50': 0.1209, 'hit@80': 0.3686, 'ndcg@80': 0.1305} 
2023-11-03 18:53:51.115 | INFO     | trainer:_train_one_epoch:138 - test 116 cost time 23.80s, result: {'hit@10': 0.1293, 'ndcg@10': 0.0716, 'hit@20': 0.181, 'ndcg@20': 0.0846, 'hit@50': 0.2699, 'ndcg@50': 0.1022, 'hit@80': 0.3252, 'ndcg@80': 0.1113} 
2023-11-03 19:08:50.579 | INFO     | trainer:_train_one_epoch:119 - epoch 117 894.60s Train loss is [0.0406] 
2023-11-03 19:09:14.187 | INFO     | trainer:_train_one_epoch:129 - validate 117 cost time 23.61s, result: {'hit@10': 0.1522, 'ndcg@10': 0.0862, 'hit@20': 0.2122, 'ndcg@20': 0.1013, 'hit@50': 0.3099, 'ndcg@50': 0.1207, 'hit@80': 0.3687, 'ndcg@80': 0.1305} 
2023-11-03 19:09:35.997 | INFO     | trainer:_train_one_epoch:138 - test 117 cost time 21.81s, result: {'hit@10': 0.1287, 'ndcg@10': 0.0714, 'hit@20': 0.1809, 'ndcg@20': 0.0845, 'hit@50': 0.2706, 'ndcg@50': 0.1022, 'hit@80': 0.326, 'ndcg@80': 0.1114} 
2023-11-03 19:24:26.447 | INFO     | trainer:_train_one_epoch:119 - epoch 118 890.45s Train loss is [0.0405] 
2023-11-03 19:24:51.549 | INFO     | trainer:_train_one_epoch:129 - validate 118 cost time 25.10s, result: {'hit@10': 0.1526, 'ndcg@10': 0.0864, 'hit@20': 0.2124, 'ndcg@20': 0.1014, 'hit@50': 0.3102, 'ndcg@50': 0.1208, 'hit@80': 0.3695, 'ndcg@80': 0.1306} 
2023-11-03 19:25:15.395 | INFO     | trainer:_train_one_epoch:138 - test 118 cost time 23.84s, result: {'hit@10': 0.1285, 'ndcg@10': 0.0714, 'hit@20': 0.1813, 'ndcg@20': 0.0847, 'hit@50': 0.2701, 'ndcg@50': 0.1023, 'hit@80': 0.3265, 'ndcg@80': 0.1117} 
2023-11-03 19:40:09.388 | INFO     | trainer:_train_one_epoch:119 - epoch 119 888.84s Train loss is [0.0403] 
2023-11-03 19:40:33.069 | INFO     | trainer:_train_one_epoch:129 - validate 119 cost time 23.68s, result: {'hit@10': 0.153, 'ndcg@10': 0.0862, 'hit@20': 0.2125, 'ndcg@20': 0.1012, 'hit@50': 0.3106, 'ndcg@50': 0.1206, 'hit@80': 0.3697, 'ndcg@80': 0.1305} 
2023-11-03 19:40:54.656 | INFO     | trainer:_train_one_epoch:138 - test 119 cost time 21.58s, result: {'hit@10': 0.1294, 'ndcg@10': 0.0716, 'hit@20': 0.1806, 'ndcg@20': 0.0845, 'hit@50': 0.2702, 'ndcg@50': 0.1022, 'hit@80': 0.327, 'ndcg@80': 0.1117} 
2023-11-03 19:55:52.863 | INFO     | trainer:_train_one_epoch:119 - epoch 120 893.57s Train loss is [0.0403] 
2023-11-03 19:56:16.615 | INFO     | trainer:_train_one_epoch:129 - validate 120 cost time 23.75s, result: {'hit@10': 0.1532, 'ndcg@10': 0.0864, 'hit@20': 0.2138, 'ndcg@20': 0.1017, 'hit@50': 0.3131, 'ndcg@50': 0.1213, 'hit@80': 0.3706, 'ndcg@80': 0.1309} 
2023-11-03 19:56:38.366 | INFO     | trainer:_train_one_epoch:138 - test 120 cost time 21.75s, result: {'hit@10': 0.13, 'ndcg@10': 0.0719, 'hit@20': 0.1817, 'ndcg@20': 0.0849, 'hit@50': 0.2717, 'ndcg@50': 0.1027, 'hit@80': 0.3263, 'ndcg@80': 0.1118} 
2023-11-03 20:11:39.413 | INFO     | trainer:_train_one_epoch:119 - epoch 121 896.48s Train loss is [0.0402] 
2023-11-03 20:12:02.753 | INFO     | trainer:_train_one_epoch:129 - validate 121 cost time 23.34s, result: {'hit@10': 0.1528, 'ndcg@10': 0.0866, 'hit@20': 0.214, 'ndcg@20': 0.102, 'hit@50': 0.3116, 'ndcg@50': 0.1213, 'hit@80': 0.3703, 'ndcg@80': 0.1311} 
2023-11-03 20:12:24.446 | INFO     | trainer:_train_one_epoch:138 - test 121 cost time 21.69s, result: {'hit@10': 0.1295, 'ndcg@10': 0.0718, 'hit@20': 0.1813, 'ndcg@20': 0.0848, 'hit@50': 0.2708, 'ndcg@50': 0.1025, 'hit@80': 0.3267, 'ndcg@80': 0.1118} 
2023-11-03 20:27:11.377 | INFO     | trainer:_train_one_epoch:119 - epoch 122 881.72s Train loss is [0.0400] 
2023-11-03 20:27:35.068 | INFO     | trainer:_train_one_epoch:129 - validate 122 cost time 23.69s, result: {'hit@10': 0.1541, 'ndcg@10': 0.0869, 'hit@20': 0.2134, 'ndcg@20': 0.1018, 'hit@50': 0.3113, 'ndcg@50': 0.1212, 'hit@80': 0.3694, 'ndcg@80': 0.1309} 
2023-11-03 20:27:56.827 | INFO     | trainer:_train_one_epoch:138 - test 122 cost time 21.76s, result: {'hit@10': 0.1287, 'ndcg@10': 0.0716, 'hit@20': 0.1807, 'ndcg@20': 0.0847, 'hit@50': 0.271, 'ndcg@50': 0.1026, 'hit@80': 0.327, 'ndcg@80': 0.1119} 
2023-11-03 20:42:37.024 | INFO     | trainer:_train_one_epoch:119 - epoch 123 880.20s Train loss is [0.0399] 
2023-11-03 20:43:00.530 | INFO     | trainer:_train_one_epoch:129 - validate 123 cost time 23.50s, result: {'hit@10': 0.1538, 'ndcg@10': 0.0866, 'hit@20': 0.2138, 'ndcg@20': 0.1017, 'hit@50': 0.3114, 'ndcg@50': 0.121, 'hit@80': 0.3715, 'ndcg@80': 0.131} 
2023-11-03 20:43:22.385 | INFO     | trainer:_train_one_epoch:138 - test 123 cost time 21.85s, result: {'hit@10': 0.129, 'ndcg@10': 0.0717, 'hit@20': 0.1807, 'ndcg@20': 0.0848, 'hit@50': 0.2707, 'ndcg@50': 0.1025, 'hit@80': 0.3269, 'ndcg@80': 0.1119} 
2023-11-03 20:57:59.253 | INFO     | trainer:_train_one_epoch:119 - epoch 124 876.87s Train loss is [0.0398] 
2023-11-03 20:58:22.693 | INFO     | trainer:_train_one_epoch:129 - validate 124 cost time 23.44s, result: {'hit@10': 0.1528, 'ndcg@10': 0.0862, 'hit@20': 0.2129, 'ndcg@20': 0.1013, 'hit@50': 0.3116, 'ndcg@50': 0.1209, 'hit@80': 0.3697, 'ndcg@80': 0.1305} 
2023-11-03 20:58:44.476 | INFO     | trainer:_train_one_epoch:138 - test 124 cost time 21.78s, result: {'hit@10': 0.1285, 'ndcg@10': 0.0717, 'hit@20': 0.1804, 'ndcg@20': 0.0848, 'hit@50': 0.2713, 'ndcg@50': 0.1028, 'hit@80': 0.3275, 'ndcg@80': 0.1121} 
2023-11-03 21:13:44.180 | INFO     | trainer:_train_one_epoch:119 - epoch 125 899.70s Train loss is [0.0397] 
2023-11-03 21:14:07.366 | INFO     | trainer:_train_one_epoch:129 - validate 125 cost time 23.18s, result: {'hit@10': 0.1539, 'ndcg@10': 0.0869, 'hit@20': 0.2132, 'ndcg@20': 0.1018, 'hit@50': 0.3102, 'ndcg@50': 0.1211, 'hit@80': 0.3692, 'ndcg@80': 0.1309} 
2023-11-03 21:14:28.876 | INFO     | trainer:_train_one_epoch:138 - test 125 cost time 21.51s, result: {'hit@10': 0.1294, 'ndcg@10': 0.0718, 'hit@20': 0.1818, 'ndcg@20': 0.085, 'hit@50': 0.2726, 'ndcg@50': 0.103, 'hit@80': 0.3267, 'ndcg@80': 0.112} 
2023-11-03 21:29:32.327 | INFO     | trainer:_train_one_epoch:119 - epoch 126 903.45s Train loss is [0.0397] 
2023-11-03 21:29:56.437 | INFO     | trainer:_train_one_epoch:129 - validate 126 cost time 24.11s, result: {'hit@10': 0.1528, 'ndcg@10': 0.0862, 'hit@20': 0.2128, 'ndcg@20': 0.1013, 'hit@50': 0.3114, 'ndcg@50': 0.1208, 'hit@80': 0.3704, 'ndcg@80': 0.1306} 
2023-11-03 21:30:18.322 | INFO     | trainer:_train_one_epoch:138 - test 126 cost time 21.88s, result: {'hit@10': 0.1294, 'ndcg@10': 0.0716, 'hit@20': 0.1811, 'ndcg@20': 0.0846, 'hit@50': 0.2721, 'ndcg@50': 0.1026, 'hit@80': 0.3277, 'ndcg@80': 0.1118} 
2023-11-03 21:44:51.360 | INFO     | trainer:_train_one_epoch:119 - epoch 127 873.03s Train loss is [0.0395] 
2023-11-03 21:45:14.927 | INFO     | trainer:_train_one_epoch:129 - validate 127 cost time 23.57s, result: {'hit@10': 0.1541, 'ndcg@10': 0.0866, 'hit@20': 0.2132, 'ndcg@20': 0.1015, 'hit@50': 0.3104, 'ndcg@50': 0.1208, 'hit@80': 0.3713, 'ndcg@80': 0.1309} 
2023-11-03 21:45:36.884 | INFO     | trainer:_train_one_epoch:138 - test 127 cost time 21.96s, result: {'hit@10': 0.1299, 'ndcg@10': 0.0719, 'hit@20': 0.182, 'ndcg@20': 0.085, 'hit@50': 0.2724, 'ndcg@50': 0.1029, 'hit@80': 0.3276, 'ndcg@80': 0.1121} 
2023-11-03 22:00:39.970 | INFO     | trainer:_train_one_epoch:119 - epoch 128 903.08s Train loss is [0.0395] 
2023-11-03 22:01:03.995 | INFO     | trainer:_train_one_epoch:129 - validate 128 cost time 24.02s, result: {'hit@10': 0.1529, 'ndcg@10': 0.0863, 'hit@20': 0.2132, 'ndcg@20': 0.1015, 'hit@50': 0.3127, 'ndcg@50': 0.1212, 'hit@80': 0.3708, 'ndcg@80': 0.1309} 
2023-11-03 22:01:25.715 | INFO     | trainer:_train_one_epoch:138 - test 128 cost time 21.72s, result: {'hit@10': 0.1292, 'ndcg@10': 0.0716, 'hit@20': 0.1833, 'ndcg@20': 0.0852, 'hit@50': 0.2711, 'ndcg@50': 0.1026, 'hit@80': 0.3277, 'ndcg@80': 0.112} 
2023-11-03 22:16:26.604 | INFO     | trainer:_train_one_epoch:119 - epoch 129 900.89s Train loss is [0.0394] 
2023-11-03 22:16:52.523 | INFO     | trainer:_train_one_epoch:129 - validate 129 cost time 25.92s, result: {'hit@10': 0.1532, 'ndcg@10': 0.0864, 'hit@20': 0.2133, 'ndcg@20': 0.1016, 'hit@50': 0.3119, 'ndcg@50': 0.1211, 'hit@80': 0.3714, 'ndcg@80': 0.131} 
2023-11-03 22:17:16.245 | INFO     | trainer:_train_one_epoch:138 - test 129 cost time 23.72s, result: {'hit@10': 0.1291, 'ndcg@10': 0.0718, 'hit@20': 0.1823, 'ndcg@20': 0.0852, 'hit@50': 0.2715, 'ndcg@50': 0.1029, 'hit@80': 0.3282, 'ndcg@80': 0.1123} 
2023-11-03 22:31:57.284 | INFO     | trainer:_train_one_epoch:119 - epoch 130 881.04s Train loss is [0.0392] 
2023-11-03 22:32:21.055 | INFO     | trainer:_train_one_epoch:129 - validate 130 cost time 23.77s, result: {'hit@10': 0.1529, 'ndcg@10': 0.0865, 'hit@20': 0.2148, 'ndcg@20': 0.1021, 'hit@50': 0.3127, 'ndcg@50': 0.1215, 'hit@80': 0.3716, 'ndcg@80': 0.1313} 
2023-11-03 22:32:42.809 | INFO     | trainer:_train_one_epoch:138 - test 130 cost time 21.75s, result: {'hit@10': 0.1292, 'ndcg@10': 0.0716, 'hit@20': 0.1834, 'ndcg@20': 0.0853, 'hit@50': 0.2722, 'ndcg@50': 0.1028, 'hit@80': 0.3287, 'ndcg@80': 0.1122} 
2023-11-03 22:47:25.160 | INFO     | trainer:_train_one_epoch:119 - epoch 131 877.81s Train loss is [0.0392] 
2023-11-03 22:47:48.211 | INFO     | trainer:_train_one_epoch:129 - validate 131 cost time 23.05s, result: {'hit@10': 0.1528, 'ndcg@10': 0.0865, 'hit@20': 0.2138, 'ndcg@20': 0.1018, 'hit@50': 0.313, 'ndcg@50': 0.1214, 'hit@80': 0.3728, 'ndcg@80': 0.1314} 
2023-11-03 22:48:09.919 | INFO     | trainer:_train_one_epoch:138 - test 131 cost time 21.70s, result: {'hit@10': 0.1288, 'ndcg@10': 0.0717, 'hit@20': 0.1838, 'ndcg@20': 0.0856, 'hit@50': 0.2718, 'ndcg@50': 0.103, 'hit@80': 0.3279, 'ndcg@80': 0.1123} 
2023-11-03 23:02:42.553 | INFO     | trainer:_train_one_epoch:119 - epoch 132 872.63s Train loss is [0.0390] 
2023-11-03 23:03:08.600 | INFO     | trainer:_train_one_epoch:129 - validate 132 cost time 26.05s, result: {'hit@10': 0.153, 'ndcg@10': 0.0868, 'hit@20': 0.2137, 'ndcg@20': 0.102, 'hit@50': 0.3123, 'ndcg@50': 0.1216, 'hit@80': 0.3728, 'ndcg@80': 0.1316} 
2023-11-03 23:03:32.331 | INFO     | trainer:_train_one_epoch:138 - test 132 cost time 23.73s, result: {'hit@10': 0.1286, 'ndcg@10': 0.0717, 'hit@20': 0.1838, 'ndcg@20': 0.0856, 'hit@50': 0.2724, 'ndcg@50': 0.1032, 'hit@80': 0.3274, 'ndcg@80': 0.1123} 
2023-11-03 23:18:16.863 | INFO     | trainer:_train_one_epoch:119 - epoch 133 884.53s Train loss is [0.0389] 
2023-11-03 23:18:40.278 | INFO     | trainer:_train_one_epoch:129 - validate 133 cost time 23.41s, result: {'hit@10': 0.1538, 'ndcg@10': 0.0869, 'hit@20': 0.2131, 'ndcg@20': 0.1018, 'hit@50': 0.3128, 'ndcg@50': 0.1216, 'hit@80': 0.3719, 'ndcg@80': 0.1314} 
2023-11-03 23:19:02.239 | INFO     | trainer:_train_one_epoch:138 - test 133 cost time 21.96s, result: {'hit@10': 0.1293, 'ndcg@10': 0.072, 'hit@20': 0.1839, 'ndcg@20': 0.0857, 'hit@50': 0.2736, 'ndcg@50': 0.1035, 'hit@80': 0.3274, 'ndcg@80': 0.1124} 
2023-11-03 23:33:44.898 | INFO     | trainer:_train_one_epoch:119 - epoch 134 882.66s Train loss is [0.0389] 
2023-11-03 23:34:08.909 | INFO     | trainer:_train_one_epoch:129 - validate 134 cost time 24.01s, result: {'hit@10': 0.1536, 'ndcg@10': 0.0869, 'hit@20': 0.2132, 'ndcg@20': 0.1019, 'hit@50': 0.3117, 'ndcg@50': 0.1214, 'hit@80': 0.3713, 'ndcg@80': 0.1313} 
2023-11-03 23:34:30.706 | INFO     | trainer:_train_one_epoch:138 - test 134 cost time 21.80s, result: {'hit@10': 0.1285, 'ndcg@10': 0.0715, 'hit@20': 0.1836, 'ndcg@20': 0.0854, 'hit@50': 0.2723, 'ndcg@50': 0.1029, 'hit@80': 0.3269, 'ndcg@80': 0.112} 
2023-11-03 23:49:06.844 | INFO     | trainer:_train_one_epoch:119 - epoch 135 876.14s Train loss is [0.0387] 
2023-11-03 23:49:30.337 | INFO     | trainer:_train_one_epoch:129 - validate 135 cost time 23.49s, result: {'hit@10': 0.154, 'ndcg@10': 0.0868, 'hit@20': 0.2139, 'ndcg@20': 0.1019, 'hit@50': 0.3116, 'ndcg@50': 0.1213, 'hit@80': 0.3705, 'ndcg@80': 0.131} 
2023-11-03 23:49:52.153 | INFO     | trainer:_train_one_epoch:138 - test 135 cost time 21.81s, result: {'hit@10': 0.129, 'ndcg@10': 0.0718, 'hit@20': 0.183, 'ndcg@20': 0.0854, 'hit@50': 0.2729, 'ndcg@50': 0.1032, 'hit@80': 0.3276, 'ndcg@80': 0.1123} 
2023-11-04 00:04:36.515 | INFO     | trainer:_train_one_epoch:119 - epoch 136 884.36s Train loss is [0.0385] 
2023-11-04 00:05:00.093 | INFO     | trainer:_train_one_epoch:129 - validate 136 cost time 23.58s, result: {'hit@10': 0.1535, 'ndcg@10': 0.0865, 'hit@20': 0.2143, 'ndcg@20': 0.1018, 'hit@50': 0.3121, 'ndcg@50': 0.1212, 'hit@80': 0.3692, 'ndcg@80': 0.1307} 
2023-11-04 00:05:21.956 | INFO     | trainer:_train_one_epoch:138 - test 136 cost time 21.86s, result: {'hit@10': 0.1285, 'ndcg@10': 0.0717, 'hit@20': 0.1824, 'ndcg@20': 0.0853, 'hit@50': 0.2726, 'ndcg@50': 0.1032, 'hit@80': 0.3264, 'ndcg@80': 0.1121} 
2023-11-04 00:20:10.508 | INFO     | trainer:_train_one_epoch:119 - epoch 137 888.55s Train loss is [0.0385] 
2023-11-04 00:20:34.232 | INFO     | trainer:_train_one_epoch:129 - validate 137 cost time 23.72s, result: {'hit@10': 0.1532, 'ndcg@10': 0.0866, 'hit@20': 0.2143, 'ndcg@20': 0.102, 'hit@50': 0.312, 'ndcg@50': 0.1213, 'hit@80': 0.3698, 'ndcg@80': 0.131} 
2023-11-04 00:20:56.036 | INFO     | trainer:_train_one_epoch:138 - test 137 cost time 21.80s, result: {'hit@10': 0.1284, 'ndcg@10': 0.0716, 'hit@20': 0.1818, 'ndcg@20': 0.085, 'hit@50': 0.2722, 'ndcg@50': 0.1029, 'hit@80': 0.3284, 'ndcg@80': 0.1123} 
2023-11-04 00:35:40.137 | INFO     | trainer:_train_one_epoch:119 - epoch 138 884.10s Train loss is [0.0384] 
2023-11-04 00:36:03.791 | INFO     | trainer:_train_one_epoch:129 - validate 138 cost time 23.65s, result: {'hit@10': 0.153, 'ndcg@10': 0.0868, 'hit@20': 0.2143, 'ndcg@20': 0.1023, 'hit@50': 0.3122, 'ndcg@50': 0.1216, 'hit@80': 0.3707, 'ndcg@80': 0.1313} 
2023-11-04 00:36:25.541 | INFO     | trainer:_train_one_epoch:138 - test 138 cost time 21.75s, result: {'hit@10': 0.1289, 'ndcg@10': 0.0721, 'hit@20': 0.1816, 'ndcg@20': 0.0854, 'hit@50': 0.272, 'ndcg@50': 0.1033, 'hit@80': 0.3282, 'ndcg@80': 0.1126} 
2023-11-04 00:51:27.723 | INFO     | trainer:_train_one_epoch:119 - epoch 139 902.18s Train loss is [0.0382] 
2023-11-04 00:51:51.171 | INFO     | trainer:_train_one_epoch:129 - validate 139 cost time 23.45s, result: {'hit@10': 0.1536, 'ndcg@10': 0.087, 'hit@20': 0.2138, 'ndcg@20': 0.1022, 'hit@50': 0.3126, 'ndcg@50': 0.1217, 'hit@80': 0.3706, 'ndcg@80': 0.1313} 
2023-11-04 00:52:12.886 | INFO     | trainer:_train_one_epoch:138 - test 139 cost time 21.71s, result: {'hit@10': 0.1293, 'ndcg@10': 0.072, 'hit@20': 0.1819, 'ndcg@20': 0.0853, 'hit@50': 0.273, 'ndcg@50': 0.1033, 'hit@80': 0.3286, 'ndcg@80': 0.1126} 
2023-11-04 01:07:15.099 | INFO     | trainer:_train_one_epoch:119 - epoch 140 902.21s Train loss is [0.0384] 
2023-11-04 01:07:40.901 | INFO     | trainer:_train_one_epoch:129 - validate 140 cost time 25.80s, result: {'hit@10': 0.1536, 'ndcg@10': 0.0867, 'hit@20': 0.2135, 'ndcg@20': 0.1018, 'hit@50': 0.311, 'ndcg@50': 0.1211, 'hit@80': 0.3708, 'ndcg@80': 0.1311} 
2023-11-04 01:08:04.550 | INFO     | trainer:_train_one_epoch:138 - test 140 cost time 23.65s, result: {'hit@10': 0.1294, 'ndcg@10': 0.0722, 'hit@20': 0.1822, 'ndcg@20': 0.0855, 'hit@50': 0.2734, 'ndcg@50': 0.1036, 'hit@80': 0.3284, 'ndcg@80': 0.1127} 
2023-11-04 01:22:59.807 | INFO     | trainer:_train_one_epoch:119 - epoch 141 895.25s Train loss is [0.0382] 
2023-11-04 01:23:26.365 | INFO     | trainer:_train_one_epoch:129 - validate 141 cost time 26.56s, result: {'hit@10': 0.1538, 'ndcg@10': 0.0871, 'hit@20': 0.2135, 'ndcg@20': 0.1021, 'hit@50': 0.3108, 'ndcg@50': 0.1214, 'hit@80': 0.3704, 'ndcg@80': 0.1313} 
2023-11-04 01:23:50.096 | INFO     | trainer:_train_one_epoch:138 - test 141 cost time 23.73s, result: {'hit@10': 0.1293, 'ndcg@10': 0.072, 'hit@20': 0.1829, 'ndcg@20': 0.0855, 'hit@50': 0.2728, 'ndcg@50': 0.1033, 'hit@80': 0.3278, 'ndcg@80': 0.1124} 
2023-11-04 01:23:50.153 | INFO     | trainer:train_model:89 - training end, best iteration 130, results: {'hit@10': 0.1529, 'ndcg@10': 0.0865, 'hit@20': 0.2148, 'ndcg@20': 0.1021, 'hit@50': 0.3127, 'ndcg@50': 0.1215, 'hit@80': 0.3716, 'ndcg@80': 0.1313}
2023-11-04 01:23:50.154 | INFO     | trainer:train_model:91 - final test result is:  {'hit@10': 0.1292, 'ndcg@10': 0.0716, 'hit@20': 0.1834, 'ndcg@20': 0.0853, 'hit@50': 0.2722, 'ndcg@50': 0.1028, 'hit@80': 0.3287, 'ndcg@80': 0.1122}
2023-11-04 01:23:50.315 | INFO     | __main__:<module>:121 - train end total cost time: 133314.99511742592
